#
# There is insufficient memory for the Java Runtime Environment to continue.
# Native memory allocation (malloc) failed to allocate 32744 bytes for ChunkPool::allocate
# Possible reasons:
#   The system is out of physical RAM or swap space
#   The process is running with CompressedOops enabled, and the Java Heap may be blocking the growth of the native heap
# Possible solutions:
#   Reduce memory load on the system
#   Increase physical memory or swap space
#   Check if swap backing store is full
#   Decrease Java heap size (-Xmx/-Xms)
#   Decrease number of Java threads
#   Decrease Java thread stack sizes (-Xss)
#   Set larger code cache with -XX:ReservedCodeCacheSize=
#   JVM is running with Unscaled Compressed Oops mode in which the Java heap is
#     placed in the first 4GB address space. The Java Heap base address is the
#     maximum limit for the native heap growth. Please use -XX:HeapBaseMinAddress
#     to set the Java Heap base and to place the Java Heap above 4GB virtual address.
# This output file may be truncated or incomplete.
#
#  Out of Memory Error (t:/workspace/open/src/hotspot/share/memory/arena.cpp:81), pid=20192, tid=17740
#
# JRE version: Java(TM) SE Runtime Environment (11.0.6+8) (build 11.0.6+8-LTS)
# Java VM: Java HotSpot(TM) 64-Bit Server VM (11.0.6+8-LTS, mixed mode, tiered, compressed oops, g1 gc, windows-amd64)
# No core dump will be written. Minidumps are not enabled by default on client versions of Windows
#

---------------  S U M M A R Y ------------

Command Line: -XX:TieredStopAtLevel=1 -Xverify:none -Dspring.output.ansi.enabled=always -Dcom.sun.management.jmxremote -Dspring.jmx.enabled=true -Dspring.liveBeansView.mbeanDomain -Dspring.application.admin.enabled=true -javaagent:C:\Program Files\JetBrains\IntelliJ IDEA 2019.1.3\lib\idea_rt.jar=61887:C:\Program Files\JetBrains\IntelliJ IDEA 2019.1.3\bin -Dfile.encoding=UTF-8 com.bank.application.Application

Host: Intel(R) Core(TM) i5-7300HQ CPU @ 2.50GHz, 4 cores, 7G,  Windows 10 , 64 bit Build 18362 (10.0.18362.1350)
Time: Sun Mar 14 17:17:30 2021 O?ieyia?y (ceia) elapsed time: 6 seconds (0d 0h 0m 6s)

---------------  T H R E A D  ---------------

Current thread (0x000001e2a102e000):  VMThread "VM Thread" [stack: 0x0000000fe9c00000,0x0000000fe9d00000] [id=17740] _threads_hazard_ptr=0x000001e2a5f17cd0

Stack: [0x0000000fe9c00000,0x0000000fe9d00000]
[error occurred during error reporting (printing stack bounds), id 0xc0000005, EXCEPTION_ACCESS_VIOLATION (0xc0000005) at pc=0x000001e28a8f0bad]

Native frames: (J=compiled Java code, j=interpreted, Vv=VM code, C=native code)
V  [jvm.dll+0x63679a]
V  [jvm.dll+0x7755bf]
V  [jvm.dll+0x776c65]
V  [jvm.dll+0x777235]
V  [jvm.dll+0x7771eb]
V  [jvm.dll+0x635e96]
V  [jvm.dll+0x636268]
C  [ntdll.dll+0xa1eef]
C  [ntdll.dll+0x6aad9]
C  [ntdll.dll+0xa0b5e]
C  0x000001e28a8f0bad

VM_Operation (0x0000000fec4fa4e0): BulkRevokeBias, mode: safepoint, requested by thread 0x000001e2a621a000


---------------  P R O C E S S  ---------------

Threads class SMR info:
_java_thread_list=0x000001e2a5f17cd0, length=36, elements={
0x000001e2a1053800, 0x000001e2a105e800, 0x000001e2a19c3000, 0x000001e2a1071000,
0x000001e2a1073000, 0x000001e2a19cc000, 0x000001e2a0fe6000, 0x000001e2a1d7b800,
0x000001e2a1d7e800, 0x000001e2a20ef000, 0x000001e2a3379000, 0x000001e2a33dd800,
0x000001e2a3df9800, 0x000001e2a3e15000, 0x000001e2a3e18800, 0x000001e2a3f07000,
0x000001e2a3f02000, 0x000001e2a3f08800, 0x000001e2a3f08000, 0x000001e2a3f05800,
0x000001e2a3f04800, 0x000001e2a3f03000, 0x000001e2a3f06000, 0x000001e2a3f04000,
0x000001e2a621b800, 0x000001e2a6219800, 0x000001e2a621d800, 0x000001e2a621c800,
0x000001e2a6220000, 0x000001e2a621f000, 0x000001e2a621a000, 0x000001e2a621b000,
0x000001e2a6221800, 0x000001e2a621e000, 0x000001e2a6222800, 0x000001e2a6223000
}

Java Threads: ( => current thread )
  0x000001e2a1053800 JavaThread "Reference Handler" daemon [_thread_blocked, id=15784, stack(0x0000000fe9d00000,0x0000000fe9e00000)]
  0x000001e2a105e800 JavaThread "Finalizer" daemon [_thread_blocked, id=12644, stack(0x0000000fe9e00000,0x0000000fe9f00000)]
  0x000001e2a19c3000 JavaThread "Signal Dispatcher" daemon [_thread_blocked, id=17004, stack(0x0000000fe9f00000,0x0000000fea000000)]
  0x000001e2a1071000 JavaThread "Attach Listener" daemon [_thread_blocked, id=9928, stack(0x0000000fea000000,0x0000000fea100000)]
  0x000001e2a1073000 JavaThread "C1 CompilerThread0" daemon [_thread_blocked, id=17944, stack(0x0000000fea100000,0x0000000fea200000)]
  0x000001e2a19cc000 JavaThread "Sweeper thread" daemon [_thread_blocked, id=20076, stack(0x0000000fea200000,0x0000000fea300000)]
  0x000001e2a0fe6000 JavaThread "Common-Cleaner" daemon [_thread_blocked, id=7660, stack(0x0000000fea300000,0x0000000fea400000)]
  0x000001e2a1d7b800 JavaThread "Monitor Ctrl-Break" daemon [_thread_in_native, id=8500, stack(0x0000000fea500000,0x0000000fea600000)]
  0x000001e2a1d7e800 JavaThread "Service Thread" daemon [_thread_blocked, id=4508, stack(0x0000000fea600000,0x0000000fea700000)]
  0x000001e2a20ef000 JavaThread "RMI TCP Accept-0" daemon [_thread_in_native, id=4668, stack(0x0000000fea700000,0x0000000fea800000)]
  0x000001e2a3379000 JavaThread "RMI TCP Connection(1)-192.168.1.104" daemon [_thread_in_native, id=14556, stack(0x0000000feb000000,0x0000000feb100000)]
  0x000001e2a33dd800 JavaThread "RMI Scheduler(0)" daemon [_thread_blocked, id=9396, stack(0x0000000feb100000,0x0000000feb200000)]
  0x000001e2a3df9800 JavaThread "Catalina-utility-1" [_thread_blocked, id=6732, stack(0x0000000feae00000,0x0000000feaf00000)]
  0x000001e2a3e15000 JavaThread "Catalina-utility-2" [_thread_blocked, id=11760, stack(0x0000000feb200000,0x0000000feb300000)]
  0x000001e2a3e18800 JavaThread "container-0" [_thread_blocked, id=14500, stack(0x0000000feb300000,0x0000000feb400000)]
  0x000001e2a3f07000 JavaThread "PostgreSQL-JDBC-SharedTimer-1" daemon [_thread_blocked, id=15824, stack(0x0000000feb500000,0x0000000feb600000)]
  0x000001e2a3f02000 JavaThread "HikariPool-1 housekeeper" daemon [_thread_blocked, id=9172, stack(0x0000000feb600000,0x0000000feb700000)]
  0x000001e2a3f08800 JavaThread "HikariPool-1 connection adder" daemon [_thread_blocked, id=15192, stack(0x0000000feb700000,0x0000000feb800000)]
  0x000001e2a3f08000 JavaThread "Live Reload Server" daemon [_thread_in_native, id=7400, stack(0x0000000feb900000,0x0000000feba00000)]
  0x000001e2a3f05800 JavaThread "File Watcher" daemon [_thread_blocked, id=17340, stack(0x0000000feb800000,0x0000000feb900000)]
  0x000001e2a3f04800 JavaThread "http-nio-8080-BlockPoller" daemon [_thread_in_native, id=9660, stack(0x0000000feba00000,0x0000000febb00000)]
  0x000001e2a3f03000 JavaThread "http-nio-8080-exec-1" daemon [_thread_blocked, id=14332, stack(0x0000000febb00000,0x0000000febc00000)]
  0x000001e2a3f06000 JavaThread "http-nio-8080-exec-2" daemon [_thread_blocked, id=4640, stack(0x0000000febc00000,0x0000000febd00000)]
  0x000001e2a3f04000 JavaThread "http-nio-8080-exec-3" daemon [_thread_blocked, id=4212, stack(0x0000000febd00000,0x0000000febe00000)]
  0x000001e2a621b800 JavaThread "http-nio-8080-exec-4" daemon [_thread_blocked, id=5104, stack(0x0000000febe00000,0x0000000febf00000)]
  0x000001e2a6219800 JavaThread "http-nio-8080-exec-5" daemon [_thread_blocked, id=15672, stack(0x0000000febf00000,0x0000000fec000000)]
  0x000001e2a621d800 JavaThread "http-nio-8080-exec-6" daemon [_thread_blocked, id=3440, stack(0x0000000fec000000,0x0000000fec100000)]
  0x000001e2a621c800 JavaThread "http-nio-8080-exec-7" daemon [_thread_blocked, id=18816, stack(0x0000000fec100000,0x0000000fec200000)]
  0x000001e2a6220000 JavaThread "http-nio-8080-exec-8" daemon [_thread_blocked, id=13808, stack(0x0000000fec200000,0x0000000fec300000)]
  0x000001e2a621f000 JavaThread "http-nio-8080-exec-9" daemon [_thread_blocked, id=1752, stack(0x0000000fec300000,0x0000000fec400000)]
  0x000001e2a621a000 JavaThread "http-nio-8080-exec-10" daemon [_thread_blocked, id=7416, stack(0x0000000fec400000,0x0000000fec500000)]
  0x000001e2a621b000 JavaThread "http-nio-8080-ClientPoller" daemon [_thread_in_native, id=9268, stack(0x0000000fec500000,0x0000000fec600000)]
  0x000001e2a6221800 JavaThread "http-nio-8080-Acceptor" daemon [_thread_in_native, id=11884, stack(0x0000000fec600000,0x0000000fec700000)]
  0x000001e2a621e000 JavaThread "DestroyJavaVM" [_thread_blocked, id=10632, stack(0x0000000fe9600000,0x0000000fe9700000)]
  0x000001e2a6222800 JavaThread "RMI TCP Connection(2)-192.168.1.104" daemon [_thread_in_native, id=16320, stack(0x0000000feac00000,0x0000000fead00000)]
  0x000001e2a6223000 JavaThread "RMI TCP Connection(3)-192.168.1.104" daemon [_thread_in_native, id=11736, stack(0x0000000fead00000,0x0000000feae00000)]

Other Threads:
=>0x000001e2a102e000 VMThread "VM Thread" [stack: 0x0000000fe9c00000,0x0000000fe9d00000] [id=17740] _threads_hazard_ptr=0x000001e2a5f17cd0
  0x000001e2a2106000 WatcherThread [stack: 0x0000000fea800000,0x0000000fea900000] [id=14184]
  0x000001e280d8e800 GCTaskThread "GC Thread#0" [stack: 0x0000000fe9700000,0x0000000fe9800000] [id=14256]
  0x000001e2a21a7800 GCTaskThread "GC Thread#1" [stack: 0x0000000fea900000,0x0000000feaa00000] [id=7608]
  0x000001e2a21a8800 GCTaskThread "GC Thread#2" [stack: 0x0000000feaa00000,0x0000000feab00000] [id=17880]
  0x000001e2a32b3800 GCTaskThread "GC Thread#3" [stack: 0x0000000feaf00000,0x0000000feb000000] [id=16752]
  0x000001e280dbe000 ConcurrentGCThread "G1 Main Marker" [stack: 0x0000000fe9800000,0x0000000fe9900000] [id=8180]
  0x000001e280dc0800 ConcurrentGCThread "G1 Conc#0" [stack: 0x0000000fe9900000,0x0000000fe9a00000] [id=1300]
  0x000001e280e3e000 ConcurrentGCThread "G1 Refine#0" [stack: 0x0000000fe9a00000,0x0000000fe9b00000] [id=4660]
  0x000001e2a1c7e000 ConcurrentGCThread "G1 Refine#1" [stack: 0x0000000feab00000,0x0000000feac00000] [id=14404]
  0x000001e2a0e92800 ConcurrentGCThread "G1 Young RemSet Sampling" [stack: 0x0000000fe9b00000,0x0000000fe9c00000] [id=10456]

Threads with active compile tasks:
C1 CompilerThread07013       1       java.util.GregorianCalendar::computeFields (1571 bytes)

VM state:at safepoint (normal execution)

VM Mutex/Monitor currently owned by a thread:  ([mutex/lock_event])
[0x000001e280d75a90] Threads_lock - owner thread: 0x000001e2a102e000

Heap address: 0x0000000082000000, size: 2016 MB, Compressed Oops mode: 32-bit
Narrow klass base: 0x0000000000000000, Narrow klass shift: 3
Compressed class space size: 1073741824 Address: 0x0000000100000000

Heap:
 garbage-first heap   total 187392K, used 105682K [0x0000000082000000, 0x0000000100000000)
  region size 1024K, 79 young (80896K), 10 survivors (10240K)
 Metaspace       used 66284K, capacity 68500K, committed 68784K, reserved 1107968K
  class space    used 8824K, capacity 9672K, committed 9728K, reserved 1048576K
Heap Regions: E=young(eden), S=young(survivor), O=old, HS=humongous(starts), HC=humongous(continues), CS=collection set, F=free, A=archive, TAMS=top-at-mark-start (previous, next)
|   0|0x0000000082000000, 0x0000000082100000, 0x0000000082100000|100%|HS|  |TAMS 0x0000000082100000, 0x0000000082000000| Complete 
|   1|0x0000000082100000, 0x0000000082200000, 0x0000000082200000|100%| O|  |TAMS 0x0000000082200000, 0x0000000082100000| Untracked 
|   2|0x0000000082200000, 0x0000000082300000, 0x0000000082300000|100%| O|  |TAMS 0x0000000082300000, 0x0000000082200000| Untracked 
|   3|0x0000000082300000, 0x0000000082400000, 0x0000000082400000|100%| O|  |TAMS 0x0000000082400000, 0x0000000082300000| Untracked 
|   4|0x0000000082400000, 0x0000000082500000, 0x0000000082500000|100%| O|  |TAMS 0x0000000082500000, 0x0000000082400000| Untracked 
|   5|0x0000000082500000, 0x0000000082600000, 0x0000000082600000|100%| O|  |TAMS 0x0000000082600000, 0x0000000082500000| Untracked 
|   6|0x0000000082600000, 0x0000000082700000, 0x0000000082700000|100%| O|  |TAMS 0x0000000082700000, 0x0000000082600000| Untracked 
|   7|0x0000000082700000, 0x0000000082800000, 0x0000000082800000|100%| O|  |TAMS 0x0000000082800000, 0x0000000082700000| Untracked 
|   8|0x0000000082800000, 0x0000000082900000, 0x0000000082900000|100%| O|  |TAMS 0x0000000082900000, 0x0000000082800000| Untracked 
|   9|0x0000000082900000, 0x0000000082a00000, 0x0000000082a00000|100%| O|  |TAMS 0x0000000082a00000, 0x0000000082900000| Untracked 
|  10|0x0000000082a00000, 0x0000000082b00000, 0x0000000082b00000|100%| O|  |TAMS 0x0000000082b00000, 0x0000000082a00000| Untracked 
|  11|0x0000000082b00000, 0x0000000082c00000, 0x0000000082c00000|100%| O|  |TAMS 0x0000000082c00000, 0x0000000082b00000| Untracked 
|  12|0x0000000082c00000, 0x0000000082d00000, 0x0000000082d00000|100%| O|  |TAMS 0x0000000082d00000, 0x0000000082c00000| Untracked 
|  13|0x0000000082d00000, 0x0000000082e00000, 0x0000000082e00000|100%| O|  |TAMS 0x0000000082e00000, 0x0000000082d00000| Untracked 
|  14|0x0000000082e00000, 0x0000000082f00000, 0x0000000082f00000|100%| O|  |TAMS 0x0000000082f00000, 0x0000000082e00000| Untracked 
|  15|0x0000000082f00000, 0x0000000083000000, 0x0000000083000000|100%| O|  |TAMS 0x0000000083000000, 0x0000000082f00000| Untracked 
|  16|0x0000000083000000, 0x0000000083100000, 0x0000000083100000|100%| O|  |TAMS 0x0000000083100000, 0x0000000083000000| Untracked 
|  17|0x0000000083100000, 0x0000000083200000, 0x0000000083200000|100%| O|  |TAMS 0x0000000083200000, 0x0000000083100000| Untracked 
|  18|0x0000000083200000, 0x0000000083300000, 0x0000000083300000|100%| O|  |TAMS 0x0000000083300000, 0x0000000083200000| Untracked 
|  19|0x0000000083300000, 0x0000000083400000, 0x0000000083400000|100%| O|  |TAMS 0x0000000083400000, 0x0000000083300000| Untracked 
|  20|0x0000000083400000, 0x0000000083500000, 0x0000000083500000|100%| O|  |TAMS 0x0000000083500000, 0x0000000083400000| Untracked 
|  21|0x0000000083500000, 0x0000000083600000, 0x0000000083600000|100%| O|  |TAMS 0x0000000083600000, 0x0000000083500000| Untracked 
|  22|0x0000000083600000, 0x0000000083700000, 0x0000000083700000|100%| O|  |TAMS 0x0000000083681000, 0x0000000083600000| Untracked 
|  23|0x0000000083700000, 0x0000000083800000, 0x0000000083800000|100%| O|  |TAMS 0x0000000083700000, 0x0000000083700000| Untracked 
|  24|0x0000000083800000, 0x0000000083900000, 0x0000000083900000|100%| O|  |TAMS 0x0000000083800000, 0x0000000083800000| Untracked 
|  25|0x0000000083900000, 0x0000000083a00000, 0x0000000083a00000|100%| O|  |TAMS 0x0000000083900000, 0x0000000083900000| Untracked 
|  26|0x0000000083a00000, 0x0000000083a34a00, 0x0000000083b00000| 20%| O|  |TAMS 0x0000000083a00000, 0x0000000083a00000| Untracked 
|  27|0x0000000083b00000, 0x0000000083b00000, 0x0000000083c00000|  0%| F|  |TAMS 0x0000000083b00000, 0x0000000083b00000| Untracked 
|  28|0x0000000083c00000, 0x0000000083c00000, 0x0000000083d00000|  0%| F|  |TAMS 0x0000000083c00000, 0x0000000083c00000| Untracked 
|  29|0x0000000083d00000, 0x0000000083d00000, 0x0000000083e00000|  0%| F|  |TAMS 0x0000000083d00000, 0x0000000083d00000| Untracked 
|  30|0x0000000083e00000, 0x0000000083e00000, 0x0000000083f00000|  0%| F|  |TAMS 0x0000000083e00000, 0x0000000083e00000| Untracked 
|  31|0x0000000083f00000, 0x0000000083f00000, 0x0000000084000000|  0%| F|  |TAMS 0x0000000083f00000, 0x0000000083f00000| Untracked 
|  32|0x0000000084000000, 0x0000000084000000, 0x0000000084100000|  0%| F|  |TAMS 0x0000000084000000, 0x0000000084000000| Untracked 
|  33|0x0000000084100000, 0x0000000084100000, 0x0000000084200000|  0%| F|  |TAMS 0x0000000084100000, 0x0000000084100000| Untracked 
|  34|0x0000000084200000, 0x0000000084200000, 0x0000000084300000|  0%| F|  |TAMS 0x0000000084200000, 0x0000000084200000| Untracked 
|  35|0x0000000084300000, 0x0000000084300000, 0x0000000084400000|  0%| F|  |TAMS 0x0000000084300000, 0x0000000084300000| Untracked 
|  36|0x0000000084400000, 0x0000000084400000, 0x0000000084500000|  0%| F|  |TAMS 0x0000000084400000, 0x0000000084400000| Untracked 
|  37|0x0000000084500000, 0x0000000084500000, 0x0000000084600000|  0%| F|  |TAMS 0x0000000084500000, 0x0000000084500000| Untracked 
|  38|0x0000000084600000, 0x0000000084600000, 0x0000000084700000|  0%| F|  |TAMS 0x0000000084600000, 0x0000000084600000| Untracked 
|  39|0x0000000084700000, 0x0000000084700000, 0x0000000084800000|  0%| F|  |TAMS 0x0000000084700000, 0x0000000084700000| Untracked 
|  40|0x0000000084800000, 0x0000000084800000, 0x0000000084900000|  0%| F|  |TAMS 0x0000000084800000, 0x0000000084800000| Untracked 
|  41|0x0000000084900000, 0x0000000084900000, 0x0000000084a00000|  0%| F|  |TAMS 0x0000000084900000, 0x0000000084900000| Untracked 
|  42|0x0000000084a00000, 0x0000000084a00000, 0x0000000084b00000|  0%| F|  |TAMS 0x0000000084a00000, 0x0000000084a00000| Untracked 
|  43|0x0000000084b00000, 0x0000000084b00000, 0x0000000084c00000|  0%| F|  |TAMS 0x0000000084b00000, 0x0000000084b00000| Untracked 
|  44|0x0000000084c00000, 0x0000000084c00000, 0x0000000084d00000|  0%| F|  |TAMS 0x0000000084c00000, 0x0000000084c00000| Untracked 
|  45|0x0000000084d00000, 0x0000000084d00000, 0x0000000084e00000|  0%| F|  |TAMS 0x0000000084d00000, 0x0000000084d00000| Untracked 
|  46|0x0000000084e00000, 0x0000000084e00000, 0x0000000084f00000|  0%| F|  |TAMS 0x0000000084e00000, 0x0000000084e00000| Untracked 
|  47|0x0000000084f00000, 0x0000000084f00000, 0x0000000085000000|  0%| F|  |TAMS 0x0000000084f00000, 0x0000000084f00000| Untracked 
|  48|0x0000000085000000, 0x0000000085000000, 0x0000000085100000|  0%| F|  |TAMS 0x0000000085000000, 0x0000000085000000| Untracked 
|  49|0x0000000085100000, 0x0000000085100000, 0x0000000085200000|  0%| F|  |TAMS 0x0000000085100000, 0x0000000085100000| Untracked 
|  50|0x0000000085200000, 0x0000000085200000, 0x0000000085300000|  0%| F|  |TAMS 0x0000000085200000, 0x0000000085200000| Untracked 
|  51|0x0000000085300000, 0x0000000085300000, 0x0000000085400000|  0%| F|  |TAMS 0x0000000085300000, 0x0000000085300000| Untracked 
|  52|0x0000000085400000, 0x0000000085400000, 0x0000000085500000|  0%| F|  |TAMS 0x0000000085400000, 0x0000000085400000| Untracked 
|  53|0x0000000085500000, 0x0000000085500000, 0x0000000085600000|  0%| F|  |TAMS 0x0000000085500000, 0x0000000085500000| Untracked 
|  54|0x0000000085600000, 0x0000000085600000, 0x0000000085700000|  0%| F|  |TAMS 0x0000000085600000, 0x0000000085600000| Untracked 
|  55|0x0000000085700000, 0x0000000085700000, 0x0000000085800000|  0%| F|  |TAMS 0x0000000085700000, 0x0000000085700000| Untracked 
|  56|0x0000000085800000, 0x0000000085800000, 0x0000000085900000|  0%| F|  |TAMS 0x0000000085800000, 0x0000000085800000| Untracked 
|  57|0x0000000085900000, 0x0000000085900000, 0x0000000085a00000|  0%| F|  |TAMS 0x0000000085900000, 0x0000000085900000| Untracked 
|  58|0x0000000085a00000, 0x0000000085a00000, 0x0000000085b00000|  0%| F|  |TAMS 0x0000000085a00000, 0x0000000085a00000| Untracked 
|  59|0x0000000085b00000, 0x0000000085b00000, 0x0000000085c00000|  0%| F|  |TAMS 0x0000000085b00000, 0x0000000085b00000| Untracked 
|  60|0x0000000085c00000, 0x0000000085c00000, 0x0000000085d00000|  0%| F|  |TAMS 0x0000000085c00000, 0x0000000085c00000| Untracked 
|  61|0x0000000085d00000, 0x0000000085d00000, 0x0000000085e00000|  0%| F|  |TAMS 0x0000000085d00000, 0x0000000085d00000| Untracked 
|  62|0x0000000085e00000, 0x0000000085e00000, 0x0000000085f00000|  0%| F|  |TAMS 0x0000000085e00000, 0x0000000085e00000| Untracked 
|  63|0x0000000085f00000, 0x0000000085f00000, 0x0000000086000000|  0%| F|  |TAMS 0x0000000085f00000, 0x0000000085f00000| Untracked 
|  64|0x0000000086000000, 0x0000000086000000, 0x0000000086100000|  0%| F|  |TAMS 0x0000000086000000, 0x0000000086000000| Untracked 
|  65|0x0000000086100000, 0x0000000086100000, 0x0000000086200000|  0%| F|  |TAMS 0x0000000086100000, 0x0000000086100000| Untracked 
|  66|0x0000000086200000, 0x0000000086200000, 0x0000000086300000|  0%| F|  |TAMS 0x0000000086200000, 0x0000000086200000| Untracked 
|  67|0x0000000086300000, 0x0000000086300000, 0x0000000086400000|  0%| F|  |TAMS 0x0000000086300000, 0x0000000086300000| Untracked 
|  68|0x0000000086400000, 0x0000000086400000, 0x0000000086500000|  0%| F|  |TAMS 0x0000000086400000, 0x0000000086400000| Untracked 
|  69|0x0000000086500000, 0x0000000086500000, 0x0000000086600000|  0%| F|  |TAMS 0x0000000086500000, 0x0000000086500000| Untracked 
|  70|0x0000000086600000, 0x0000000086600000, 0x0000000086700000|  0%| F|  |TAMS 0x0000000086600000, 0x0000000086600000| Untracked 
|  71|0x0000000086700000, 0x0000000086700000, 0x0000000086800000|  0%| F|  |TAMS 0x0000000086700000, 0x0000000086700000| Untracked 
|  72|0x0000000086800000, 0x0000000086800000, 0x0000000086900000|  0%| F|  |TAMS 0x0000000086800000, 0x0000000086800000| Untracked 
|  73|0x0000000086900000, 0x0000000086900000, 0x0000000086a00000|  0%| F|  |TAMS 0x0000000086900000, 0x0000000086900000| Untracked 
|  74|0x0000000086a00000, 0x0000000086b00000, 0x0000000086b00000|100%| S|CS|TAMS 0x0000000086a00000, 0x0000000086a00000| Complete 
|  75|0x0000000086b00000, 0x0000000086c00000, 0x0000000086c00000|100%| S|CS|TAMS 0x0000000086b00000, 0x0000000086b00000| Complete 
|  76|0x0000000086c00000, 0x0000000086d00000, 0x0000000086d00000|100%| S|CS|TAMS 0x0000000086c00000, 0x0000000086c00000| Complete 
|  77|0x0000000086d00000, 0x0000000086e00000, 0x0000000086e00000|100%| S|CS|TAMS 0x0000000086d00000, 0x0000000086d00000| Complete 
|  78|0x0000000086e00000, 0x0000000086f00000, 0x0000000086f00000|100%| S|CS|TAMS 0x0000000086e00000, 0x0000000086e00000| Complete 
|  79|0x0000000086f00000, 0x0000000087000000, 0x0000000087000000|100%| S|CS|TAMS 0x0000000086f00000, 0x0000000086f00000| Complete 
|  80|0x0000000087000000, 0x0000000087100000, 0x0000000087100000|100%| S|CS|TAMS 0x0000000087000000, 0x0000000087000000| Complete 
|  81|0x0000000087100000, 0x0000000087200000, 0x0000000087200000|100%| S|CS|TAMS 0x0000000087100000, 0x0000000087100000| Complete 
|  82|0x0000000087200000, 0x0000000087300000, 0x0000000087300000|100%| S|CS|TAMS 0x0000000087200000, 0x0000000087200000| Complete 
|  83|0x0000000087300000, 0x0000000087400000, 0x0000000087400000|100%| S|CS|TAMS 0x0000000087300000, 0x0000000087300000| Complete 
|  84|0x0000000087400000, 0x0000000087400000, 0x0000000087500000|  0%| F|  |TAMS 0x0000000087400000, 0x0000000087400000| Untracked 
|  85|0x0000000087500000, 0x0000000087500000, 0x0000000087600000|  0%| F|  |TAMS 0x0000000087500000, 0x0000000087500000| Untracked 
|  86|0x0000000087600000, 0x0000000087600000, 0x0000000087700000|  0%| F|  |TAMS 0x0000000087600000, 0x0000000087600000| Untracked 
|  87|0x0000000087700000, 0x0000000087700000, 0x0000000087800000|  0%| F|  |TAMS 0x0000000087700000, 0x0000000087700000| Untracked 
|  88|0x0000000087800000, 0x0000000087800000, 0x0000000087900000|  0%| F|  |TAMS 0x0000000087800000, 0x0000000087800000| Untracked 
|  89|0x0000000087900000, 0x0000000087900000, 0x0000000087a00000|  0%| F|  |TAMS 0x0000000087900000, 0x0000000087900000| Untracked 
|  90|0x0000000087a00000, 0x0000000087a00000, 0x0000000087b00000|  0%| F|  |TAMS 0x0000000087a00000, 0x0000000087a00000| Untracked 
|  91|0x0000000087b00000, 0x0000000087b00000, 0x0000000087c00000|  0%| F|  |TAMS 0x0000000087b00000, 0x0000000087b00000| Untracked 
|  92|0x0000000087c00000, 0x0000000087c00000, 0x0000000087d00000|  0%| F|  |TAMS 0x0000000087c00000, 0x0000000087c00000| Untracked 
|  93|0x0000000087d00000, 0x0000000087d00000, 0x0000000087e00000|  0%| F|  |TAMS 0x0000000087d00000, 0x0000000087d00000| Untracked 
|  94|0x0000000087e00000, 0x0000000087e00000, 0x0000000087f00000|  0%| F|  |TAMS 0x0000000087e00000, 0x0000000087e00000| Untracked 
|  95|0x0000000087f00000, 0x0000000087f00000, 0x0000000088000000|  0%| F|  |TAMS 0x0000000087f00000, 0x0000000087f00000| Untracked 
|  96|0x0000000088000000, 0x0000000088000000, 0x0000000088100000|  0%| F|  |TAMS 0x0000000088000000, 0x0000000088000000| Untracked 
|  97|0x0000000088100000, 0x0000000088100000, 0x0000000088200000|  0%| F|  |TAMS 0x0000000088100000, 0x0000000088100000| Untracked 
|  98|0x0000000088200000, 0x0000000088200000, 0x0000000088300000|  0%| F|  |TAMS 0x0000000088200000, 0x0000000088200000| Untracked 
|  99|0x0000000088300000, 0x0000000088300000, 0x0000000088400000|  0%| F|  |TAMS 0x0000000088300000, 0x0000000088300000| Untracked 
| 100|0x0000000088400000, 0x0000000088400000, 0x0000000088500000|  0%| F|  |TAMS 0x0000000088400000, 0x0000000088400000| Untracked 
| 101|0x0000000088500000, 0x0000000088500000, 0x0000000088600000|  0%| F|  |TAMS 0x0000000088500000, 0x0000000088500000| Untracked 
| 102|0x0000000088600000, 0x0000000088600000, 0x0000000088700000|  0%| F|  |TAMS 0x0000000088600000, 0x0000000088600000| Untracked 
| 103|0x0000000088700000, 0x0000000088700000, 0x0000000088800000|  0%| F|  |TAMS 0x0000000088700000, 0x0000000088700000| Untracked 
| 104|0x0000000088800000, 0x0000000088800000, 0x0000000088900000|  0%| F|  |TAMS 0x0000000088800000, 0x0000000088800000| Untracked 
| 105|0x0000000088900000, 0x0000000088900000, 0x0000000088a00000|  0%| F|  |TAMS 0x0000000088900000, 0x0000000088900000| Untracked 
| 106|0x0000000088a00000, 0x0000000088a00000, 0x0000000088b00000|  0%| F|  |TAMS 0x0000000088a00000, 0x0000000088a00000| Untracked 
| 107|0x0000000088b00000, 0x0000000088b00000, 0x0000000088c00000|  0%| F|  |TAMS 0x0000000088b00000, 0x0000000088b00000| Untracked 
| 108|0x0000000088c00000, 0x0000000088c00000, 0x0000000088d00000|  0%| F|  |TAMS 0x0000000088c00000, 0x0000000088c00000| Untracked 
| 109|0x0000000088d00000, 0x0000000088d00000, 0x0000000088e00000|  0%| F|  |TAMS 0x0000000088d00000, 0x0000000088d00000| Untracked 
| 110|0x0000000088e00000, 0x0000000088e00000, 0x0000000088f00000|  0%| F|  |TAMS 0x0000000088e00000, 0x0000000088e00000| Untracked 
| 111|0x0000000088f00000, 0x0000000088f00000, 0x0000000089000000|  0%| F|  |TAMS 0x0000000088f00000, 0x0000000088f00000| Untracked 
| 112|0x0000000089000000, 0x0000000089000000, 0x0000000089100000|  0%| F|  |TAMS 0x0000000089000000, 0x0000000089000000| Untracked 
| 113|0x0000000089100000, 0x0000000089100000, 0x0000000089200000|  0%| F|  |TAMS 0x0000000089100000, 0x0000000089100000| Untracked 
| 114|0x0000000089200000, 0x000000008924fd98, 0x0000000089300000| 31%| E|  |TAMS 0x0000000089200000, 0x0000000089200000| Complete 
| 115|0x0000000089300000, 0x0000000089400000, 0x0000000089400000|100%| E|  |TAMS 0x0000000089300000, 0x0000000089300000| Complete 
| 116|0x0000000089400000, 0x0000000089500000, 0x0000000089500000|100%| E|CS|TAMS 0x0000000089400000, 0x0000000089400000| Complete 
| 117|0x0000000089500000, 0x0000000089600000, 0x0000000089600000|100%| E|CS|TAMS 0x0000000089500000, 0x0000000089500000| Complete 
| 118|0x0000000089600000, 0x0000000089700000, 0x0000000089700000|100%| E|CS|TAMS 0x0000000089600000, 0x0000000089600000| Complete 
| 119|0x0000000089700000, 0x0000000089800000, 0x0000000089800000|100%| E|CS|TAMS 0x0000000089700000, 0x0000000089700000| Complete 
| 120|0x0000000089800000, 0x0000000089900000, 0x0000000089900000|100%| E|CS|TAMS 0x0000000089800000, 0x0000000089800000| Complete 
| 121|0x0000000089900000, 0x0000000089a00000, 0x0000000089a00000|100%| E|CS|TAMS 0x0000000089900000, 0x0000000089900000| Complete 
| 122|0x0000000089a00000, 0x0000000089b00000, 0x0000000089b00000|100%| E|CS|TAMS 0x0000000089a00000, 0x0000000089a00000| Complete 
| 123|0x0000000089b00000, 0x0000000089c00000, 0x0000000089c00000|100%| E|CS|TAMS 0x0000000089b00000, 0x0000000089b00000| Complete 
| 124|0x0000000089c00000, 0x0000000089d00000, 0x0000000089d00000|100%| E|CS|TAMS 0x0000000089c00000, 0x0000000089c00000| Complete 
| 125|0x0000000089d00000, 0x0000000089e00000, 0x0000000089e00000|100%| E|CS|TAMS 0x0000000089d00000, 0x0000000089d00000| Complete 
| 126|0x0000000089e00000, 0x0000000089f00000, 0x0000000089f00000|100%| E|CS|TAMS 0x0000000089e00000, 0x0000000089e00000| Complete 
| 127|0x0000000089f00000, 0x000000008a000000, 0x000000008a000000|100%| E|CS|TAMS 0x0000000089f00000, 0x0000000089f00000| Complete 
| 128|0x000000008a000000, 0x000000008a100000, 0x000000008a100000|100%| E|CS|TAMS 0x000000008a000000, 0x000000008a000000| Complete 
| 129|0x000000008a100000, 0x000000008a200000, 0x000000008a200000|100%| E|CS|TAMS 0x000000008a100000, 0x000000008a100000| Complete 
| 130|0x000000008a200000, 0x000000008a300000, 0x000000008a300000|100%| E|CS|TAMS 0x000000008a200000, 0x000000008a200000| Complete 
| 131|0x000000008a300000, 0x000000008a400000, 0x000000008a400000|100%| E|CS|TAMS 0x000000008a300000, 0x000000008a300000| Complete 
| 132|0x000000008a400000, 0x000000008a500000, 0x000000008a500000|100%| E|CS|TAMS 0x000000008a400000, 0x000000008a400000| Complete 
| 133|0x000000008a500000, 0x000000008a600000, 0x000000008a600000|100%| E|CS|TAMS 0x000000008a500000, 0x000000008a500000| Complete 
| 134|0x000000008a600000, 0x000000008a700000, 0x000000008a700000|100%| E|CS|TAMS 0x000000008a600000, 0x000000008a600000| Complete 
| 135|0x000000008a700000, 0x000000008a800000, 0x000000008a800000|100%| E|CS|TAMS 0x000000008a700000, 0x000000008a700000| Complete 
| 136|0x000000008a800000, 0x000000008a900000, 0x000000008a900000|100%| E|CS|TAMS 0x000000008a800000, 0x000000008a800000| Complete 
| 137|0x000000008a900000, 0x000000008aa00000, 0x000000008aa00000|100%| E|CS|TAMS 0x000000008a900000, 0x000000008a900000| Complete 
| 138|0x000000008aa00000, 0x000000008ab00000, 0x000000008ab00000|100%| E|CS|TAMS 0x000000008aa00000, 0x000000008aa00000| Complete 
| 139|0x000000008ab00000, 0x000000008ac00000, 0x000000008ac00000|100%| E|CS|TAMS 0x000000008ab00000, 0x000000008ab00000| Complete 
| 140|0x000000008ac00000, 0x000000008ad00000, 0x000000008ad00000|100%| E|CS|TAMS 0x000000008ac00000, 0x000000008ac00000| Complete 
| 141|0x000000008ad00000, 0x000000008ae00000, 0x000000008ae00000|100%| E|CS|TAMS 0x000000008ad00000, 0x000000008ad00000| Complete 
| 142|0x000000008ae00000, 0x000000008af00000, 0x000000008af00000|100%| E|CS|TAMS 0x000000008ae00000, 0x000000008ae00000| Complete 
| 143|0x000000008af00000, 0x000000008b000000, 0x000000008b000000|100%| E|CS|TAMS 0x000000008af00000, 0x000000008af00000| Complete 
| 144|0x000000008b000000, 0x000000008b100000, 0x000000008b100000|100%| E|CS|TAMS 0x000000008b000000, 0x000000008b000000| Complete 
| 145|0x000000008b100000, 0x000000008b200000, 0x000000008b200000|100%| E|CS|TAMS 0x000000008b100000, 0x000000008b100000| Complete 
| 146|0x000000008b200000, 0x000000008b300000, 0x000000008b300000|100%| E|CS|TAMS 0x000000008b200000, 0x000000008b200000| Complete 
| 147|0x000000008b300000, 0x000000008b400000, 0x000000008b400000|100%| E|CS|TAMS 0x000000008b300000, 0x000000008b300000| Complete 
| 148|0x000000008b400000, 0x000000008b500000, 0x000000008b500000|100%| E|CS|TAMS 0x000000008b400000, 0x000000008b400000| Complete 
| 149|0x000000008b500000, 0x000000008b600000, 0x000000008b600000|100%| E|CS|TAMS 0x000000008b500000, 0x000000008b500000| Complete 
| 150|0x000000008b600000, 0x000000008b700000, 0x000000008b700000|100%| E|CS|TAMS 0x000000008b600000, 0x000000008b600000| Complete 
| 151|0x000000008b700000, 0x000000008b800000, 0x000000008b800000|100%| E|CS|TAMS 0x000000008b700000, 0x000000008b700000| Complete 
| 152|0x000000008b800000, 0x000000008b900000, 0x000000008b900000|100%| E|CS|TAMS 0x000000008b800000, 0x000000008b800000| Complete 
| 153|0x000000008b900000, 0x000000008ba00000, 0x000000008ba00000|100%| E|CS|TAMS 0x000000008b900000, 0x000000008b900000| Complete 
| 154|0x000000008ba00000, 0x000000008bb00000, 0x000000008bb00000|100%| E|CS|TAMS 0x000000008ba00000, 0x000000008ba00000| Complete 
| 155|0x000000008bb00000, 0x000000008bc00000, 0x000000008bc00000|100%| E|CS|TAMS 0x000000008bb00000, 0x000000008bb00000| Complete 
| 156|0x000000008bc00000, 0x000000008bd00000, 0x000000008bd00000|100%| E|CS|TAMS 0x000000008bc00000, 0x000000008bc00000| Complete 
| 157|0x000000008bd00000, 0x000000008be00000, 0x000000008be00000|100%| E|CS|TAMS 0x000000008bd00000, 0x000000008bd00000| Complete 
| 158|0x000000008be00000, 0x000000008bf00000, 0x000000008bf00000|100%| E|CS|TAMS 0x000000008be00000, 0x000000008be00000| Complete 
| 159|0x000000008bf00000, 0x000000008c000000, 0x000000008c000000|100%| E|CS|TAMS 0x000000008bf00000, 0x000000008bf00000| Complete 
| 160|0x000000008c000000, 0x000000008c100000, 0x000000008c100000|100%| E|CS|TAMS 0x000000008c000000, 0x000000008c000000| Complete 
| 161|0x000000008c100000, 0x000000008c200000, 0x000000008c200000|100%| E|CS|TAMS 0x000000008c100000, 0x000000008c100000| Complete 
| 162|0x000000008c200000, 0x000000008c300000, 0x000000008c300000|100%| E|CS|TAMS 0x000000008c200000, 0x000000008c200000| Complete 
| 163|0x000000008c300000, 0x000000008c400000, 0x000000008c400000|100%| E|CS|TAMS 0x000000008c300000, 0x000000008c300000| Complete 
| 164|0x000000008c400000, 0x000000008c500000, 0x000000008c500000|100%| E|CS|TAMS 0x000000008c400000, 0x000000008c400000| Complete 
| 165|0x000000008c500000, 0x000000008c600000, 0x000000008c600000|100%| E|CS|TAMS 0x000000008c500000, 0x000000008c500000| Complete 
| 166|0x000000008c600000, 0x000000008c700000, 0x000000008c700000|100%| E|CS|TAMS 0x000000008c600000, 0x000000008c600000| Complete 
| 167|0x000000008c700000, 0x000000008c800000, 0x000000008c800000|100%| E|CS|TAMS 0x000000008c700000, 0x000000008c700000| Complete 
| 168|0x000000008c800000, 0x000000008c900000, 0x000000008c900000|100%| E|CS|TAMS 0x000000008c800000, 0x000000008c800000| Complete 
| 169|0x000000008c900000, 0x000000008ca00000, 0x000000008ca00000|100%| E|CS|TAMS 0x000000008c900000, 0x000000008c900000| Complete 
| 170|0x000000008ca00000, 0x000000008cb00000, 0x000000008cb00000|100%| E|CS|TAMS 0x000000008ca00000, 0x000000008ca00000| Complete 
| 171|0x000000008cb00000, 0x000000008cc00000, 0x000000008cc00000|100%| E|CS|TAMS 0x000000008cb00000, 0x000000008cb00000| Complete 
| 172|0x000000008cc00000, 0x000000008cd00000, 0x000000008cd00000|100%| E|CS|TAMS 0x000000008cc00000, 0x000000008cc00000| Complete 
| 173|0x000000008cd00000, 0x000000008ce00000, 0x000000008ce00000|100%| E|CS|TAMS 0x000000008cd00000, 0x000000008cd00000| Complete 
| 174|0x000000008ce00000, 0x000000008cf00000, 0x000000008cf00000|100%| E|CS|TAMS 0x000000008ce00000, 0x000000008ce00000| Complete 
| 175|0x000000008cf00000, 0x000000008d000000, 0x000000008d000000|100%| E|CS|TAMS 0x000000008cf00000, 0x000000008cf00000| Complete 
| 176|0x000000008d000000, 0x000000008d100000, 0x000000008d100000|100%| E|CS|TAMS 0x000000008d000000, 0x000000008d000000| Complete 
| 177|0x000000008d100000, 0x000000008d200000, 0x000000008d200000|100%| E|CS|TAMS 0x000000008d100000, 0x000000008d100000| Complete 
| 178|0x000000008d200000, 0x000000008d300000, 0x000000008d300000|100%| E|CS|TAMS 0x000000008d200000, 0x000000008d200000| Complete 
| 179|0x000000008d300000, 0x000000008d400000, 0x000000008d400000|100%| E|CS|TAMS 0x000000008d300000, 0x000000008d300000| Complete 
| 180|0x000000008d400000, 0x000000008d500000, 0x000000008d500000|100%| E|CS|TAMS 0x000000008d400000, 0x000000008d400000| Complete 
| 181|0x000000008d500000, 0x000000008d600000, 0x000000008d600000|100%| E|CS|TAMS 0x000000008d500000, 0x000000008d500000| Complete 
| 182|0x000000008d600000, 0x000000008d700000, 0x000000008d700000|100%| E|CS|TAMS 0x000000008d600000, 0x000000008d600000| Complete 

Card table byte_map: [0x000001e29a300000,0x000001e29a6f0000] _byte_map_base: 0x000001e299ef0000

Marking Bits (Prev, Next): (CMBitMap*) 0x000001e280db49a0, (CMBitMap*) 0x000001e280db4968
 Prev Bits: [0x000001e29ca60000, 0x000001e29e9e0000)
 Next Bits: [0x000001e29aae0000, 0x000001e29ca60000)

Polling page: 0x000001e280e40000

Metaspace:

Usage:
  Non-class:     57.45 MB capacity,    56.11 MB ( 98%) used,     1.08 MB (  2%) free+waste,   261.44 KB ( <1%) overhead. 
      Class:      9.45 MB capacity,     8.62 MB ( 91%) used,   719.77 KB (  7%) free+waste,   128.06 KB (  1%) overhead. 
       Both:     66.89 MB capacity,    64.73 MB ( 97%) used,     1.78 MB (  3%) free+waste,   389.50 KB ( <1%) overhead. 

Virtual space:
  Non-class space:       58.00 MB reserved,      57.67 MB (>99%) committed 
      Class space:        1.00 GB reserved,       9.50 MB ( <1%) committed 
             Both:        1.06 GB reserved,      67.17 MB (  6%) committed 

Chunk freelists:
   Non-Class:  0 bytes
       Class:  0 bytes
        Both:  0 bytes

CodeHeap 'non-profiled nmethods': size=238912Kb used=11523Kb max_used=11523Kb free=227388Kb
 bounds [0x000001e28afa0000, 0x000001e28baf0000, 0x000001e2998f0000]
CodeHeap 'non-nmethods': size=6848Kb used=1248Kb max_used=1248Kb free=5599Kb
 bounds [0x000001e28a8f0000, 0x000001e28ab60000, 0x000001e28afa0000]
 total_blobs=7645 nmethods=6964 adapters=543
 compilation: enabled
              stopped_count=0, restarted_count=0
 full_count=0

Compilation events (10 events):
Event: 6.890 Thread 0x000001e2a1073000 nmethod 7008 0x000001e28bae0610 code [0x000001e28bae07c0, 0x000001e28bae08d8]
Event: 6.890 Thread 0x000001e2a1073000 7009       1       org.postgresql.core.CommandCompleteParser::getOid (5 bytes)
Event: 6.890 Thread 0x000001e2a1073000 nmethod 7009 0x000001e28bae0990 code [0x000001e28bae0b40, 0x000001e28bae0c58]
Event: 6.890 Thread 0x000001e2a1073000 7010       1       org.postgresql.core.CommandCompleteParser::getRows (5 bytes)
Event: 6.890 Thread 0x000001e2a1073000 nmethod 7010 0x000001e28bae0d10 code [0x000001e28bae0ec0, 0x000001e28bae0fd8]
Event: 6.890 Thread 0x000001e2a1073000 7011       1       org.hibernate.resource.jdbc.internal.ResourceRegistryStandardImpl::closeAll (14 bytes)
Event: 6.891 Thread 0x000001e2a1073000 nmethod 7011 0x000001e28bae1090 code [0x000001e28bae1260, 0x000001e28bae13c0]
Event: 6.891 Thread 0x000001e2a1073000 7012       1       org.hibernate.metamodel.model.domain.internal.AbstractAttribute::getName (5 bytes)
Event: 6.891 Thread 0x000001e2a1073000 nmethod 7012 0x000001e28bae1490 code [0x000001e28bae1640, 0x000001e28bae1758]
Event: 6.894 Thread 0x000001e2a1073000 7013       1       java.util.GregorianCalendar::computeFields (1571 bytes)

GC Heap History (10 events):
Event: 2.950 GC heap before
{Heap before GC invocations=9 (full 0):
 garbage-first heap   total 155648K, used 101462K [0x0000000082000000, 0x0000000100000000)
  region size 1024K, 91 young (93184K), 9 survivors (9216K)
 Metaspace       used 34771K, capacity 36114K, committed 36400K, reserved 1081344K
  class space    used 4375K, capacity 4928K, committed 4992K, reserved 1048576K
}
Event: 2.956 GC heap after
{Heap after GC invocations=10 (full 0):
 garbage-first heap   total 155648K, used 18784K [0x0000000082000000, 0x0000000100000000)
  region size 1024K, 5 young (5120K), 5 survivors (5120K)
 Metaspace       used 34771K, capacity 36114K, committed 36400K, reserved 1081344K
  class space    used 4375K, capacity 4928K, committed 4992K, reserved 1048576K
}
Event: 3.926 GC heap before
{Heap before GC invocations=10 (full 0):
 garbage-first heap   total 155648K, used 106848K [0x0000000082000000, 0x0000000100000000)
  region size 1024K, 91 young (93184K), 5 survivors (5120K)
 Metaspace       used 44773K, capacity 46298K, committed 46512K, reserved 1089536K
  class space    used 5773K, capacity 6377K, committed 6400K, reserved 1048576K
}
Event: 3.933 GC heap after
{Heap after GC invocations=11 (full 0):
 garbage-first heap   total 155648K, used 23426K [0x0000000082000000, 0x0000000100000000)
  region size 1024K, 10 young (10240K), 10 survivors (10240K)
 Metaspace       used 44773K, capacity 46298K, committed 46512K, reserved 1089536K
  class space    used 5773K, capacity 6377K, committed 6400K, reserved 1048576K
}
Event: 4.667 GC heap before
{Heap before GC invocations=11 (full 0):
 garbage-first heap   total 155648K, used 106370K [0x0000000082000000, 0x0000000100000000)
  region size 1024K, 91 young (93184K), 10 survivors (10240K)
 Metaspace       used 55146K, capacity 56900K, committed 57136K, reserved 1097728K
  class space    used 7250K, capacity 7945K, committed 8064K, reserved 1048576K
}
Event: 4.676 GC heap after
{Heap after GC invocations=12 (full 0):
 garbage-first heap   total 155648K, used 27077K [0x0000000082000000, 0x0000000100000000)
  region size 1024K, 9 young (9216K), 9 survivors (9216K)
 Metaspace       used 55146K, capacity 56900K, committed 57136K, reserved 1097728K
  class space    used 7250K, capacity 7945K, committed 8064K, reserved 1048576K
}
Event: 5.167 GC heap before
{Heap before GC invocations=12 (full 0):
 garbage-first heap   total 155648K, used 110021K [0x0000000082000000, 0x0000000100000000)
  region size 1024K, 91 young (93184K), 9 survivors (9216K)
 Metaspace       used 58173K, capacity 60103K, committed 60208K, reserved 1101824K
  class space    used 7713K, capacity 8477K, committed 8576K, reserved 1048576K
}
Event: 5.179 GC heap after
{Heap after GC invocations=13 (full 0):
 garbage-first heap   total 187392K, used 31645K [0x0000000082000000, 0x0000000100000000)
  region size 1024K, 9 young (9216K), 9 survivors (9216K)
 Metaspace       used 58173K, capacity 60103K, committed 60208K, reserved 1101824K
  class space    used 7713K, capacity 8477K, committed 8576K, reserved 1048576K
}
Event: 5.877 GC heap before
{Heap before GC invocations=14 (full 0):
 garbage-first heap   total 187392K, used 131997K [0x0000000082000000, 0x0000000100000000)
  region size 1024K, 108 young (110592K), 9 survivors (9216K)
 Metaspace       used 62739K, capacity 64860K, committed 64944K, reserved 1105920K
  class space    used 8383K, capacity 9209K, committed 9216K, reserved 1048576K
}
Event: 5.888 GC heap after
{Heap after GC invocations=15 (full 0):
 garbage-first heap   total 187392K, used 37074K [0x0000000082000000, 0x0000000100000000)
  region size 1024K, 10 young (10240K), 10 survivors (10240K)
 Metaspace       used 62739K, capacity 64860K, committed 64944K, reserved 1105920K
  class space    used 8383K, capacity 9209K, committed 9216K, reserved 1048576K
}

Deoptimization events (0 events):
No events

Classes redefined (0 events):
No events

Internal exceptions (10 events):
Event: 6.279 Thread 0x000001e2a621c800 Exception <a 'java/lang/reflect/InvocationTargetException'{0x000000008ba5ac28}> (0x000000008ba5ac28) thrown at [t:/workspace/open/src/hotspot/share/runtime/reflection.cpp, line 1242]
Event: 6.297 Thread 0x000001e2a6220000 Exception <a 'java/lang/reflect/InvocationTargetException'{0x000000008b9afc18}> (0x000000008b9afc18) thrown at [t:/workspace/open/src/hotspot/share/runtime/reflection.cpp, line 1242]
Event: 6.314 Thread 0x000001e2a621f000 Exception <a 'java/lang/reflect/InvocationTargetException'{0x000000008b8e79d8}> (0x000000008b8e79d8) thrown at [t:/workspace/open/src/hotspot/share/runtime/reflection.cpp, line 1242]
Event: 6.330 Thread 0x000001e2a621a000 Exception <a 'java/lang/reflect/InvocationTargetException'{0x000000008b644028}> (0x000000008b644028) thrown at [t:/workspace/open/src/hotspot/share/runtime/reflection.cpp, line 1242]
Event: 6.351 Thread 0x000001e2a3f03000 Exception <a 'java/lang/reflect/InvocationTargetException'{0x000000008c25bfd0}> (0x000000008c25bfd0) thrown at [t:/workspace/open/src/hotspot/share/runtime/reflection.cpp, line 1242]
Event: 6.368 Thread 0x000001e2a3f06000 Exception <a 'java/lang/reflect/InvocationTargetException'{0x000000008b4bbee0}> (0x000000008b4bbee0) thrown at [t:/workspace/open/src/hotspot/share/runtime/reflection.cpp, line 1242]
Event: 6.383 Thread 0x000001e2a3f04000 Exception <a 'java/lang/reflect/InvocationTargetException'{0x000000008b3c5488}> (0x000000008b3c5488) thrown at [t:/workspace/open/src/hotspot/share/runtime/reflection.cpp, line 1242]
Event: 6.397 Thread 0x000001e2a621b800 Exception <a 'java/lang/reflect/InvocationTargetException'{0x000000008b2e7f18}> (0x000000008b2e7f18) thrown at [t:/workspace/open/src/hotspot/share/runtime/reflection.cpp, line 1242]
Event: 6.412 Thread 0x000001e2a6219800 Exception <a 'java/lang/reflect/InvocationTargetException'{0x000000008b00d4d0}> (0x000000008b00d4d0) thrown at [t:/workspace/open/src/hotspot/share/runtime/reflection.cpp, line 1242]
Event: 6.433 Thread 0x000001e2a621d800 Exception <a 'java/lang/reflect/InvocationTargetException'{0x000000008af53450}> (0x000000008af53450) thrown at [t:/workspace/open/src/hotspot/share/runtime/reflection.cpp, line 1242]

Events (10 events):
Event: 6.862 loading class jdk/internal/reflect/GeneratedMethodAccessor79 done
Event: 6.877 loading class jdk/internal/reflect/GeneratedMethodAccessor79
Event: 6.877 loading class jdk/internal/reflect/GeneratedMethodAccessor79 done
Event: 6.878 loading class jdk/internal/reflect/GeneratedMethodAccessor79
Event: 6.878 loading class jdk/internal/reflect/GeneratedMethodAccessor79 done
Event: 6.894 loading class jdk/internal/reflect/GeneratedMethodAccessor79
Event: 6.894 loading class jdk/internal/reflect/GeneratedMethodAccessor79 done
Event: 6.894 loading class jdk/internal/reflect/GeneratedMethodAccessor79
Event: 6.894 loading class jdk/internal/reflect/GeneratedMethodAccessor79 done
Event: 6.896 Executing VM operation: BulkRevokeBias


Dynamic libraries:
0x00007ff6d61d0000 - 0x00007ff6d6217000 	C:\Program Files\Java\jdk-11.0.6\bin\java.exe
0x00007ffe0cc60000 - 0x00007ffe0ce50000 	C:\WINDOWS\SYSTEM32\ntdll.dll
0x00007ffe0bb70000 - 0x00007ffe0bc22000 	C:\WINDOWS\System32\KERNEL32.DLL
0x00007ffe0aa60000 - 0x00007ffe0ad05000 	C:\WINDOWS\System32\KERNELBASE.dll
0x00007ffe0caf0000 - 0x00007ffe0cb93000 	C:\WINDOWS\System32\ADVAPI32.dll
0x00007ffe0bfd0000 - 0x00007ffe0c06e000 	C:\WINDOWS\System32\msvcrt.dll
0x00007ffe0b660000 - 0x00007ffe0b6f7000 	C:\WINDOWS\System32\sechost.dll
0x00007ffe0c890000 - 0x00007ffe0c9af000 	C:\WINDOWS\System32\RPCRT4.dll
0x00007ffe0bdb0000 - 0x00007ffe0bf44000 	C:\WINDOWS\System32\USER32.dll
0x00007ffe09bd0000 - 0x00007ffe09bf1000 	C:\WINDOWS\System32\win32u.dll
0x00007ffe0b5b0000 - 0x00007ffe0b5d6000 	C:\WINDOWS\System32\GDI32.dll
0x00007ffe0a8c0000 - 0x00007ffe0aa58000 	C:\WINDOWS\System32\gdi32full.dll
0x00007ffe09da0000 - 0x00007ffe09e3e000 	C:\WINDOWS\System32\msvcp_win.dll
0x00007ffe0a5c0000 - 0x00007ffe0a6ba000 	C:\WINDOWS\System32\ucrtbase.dll
0x00007ffdff440000 - 0x00007ffdff6c4000 	C:\WINDOWS\WinSxS\amd64_microsoft.windows.common-controls_6595b64144ccf1df_6.0.18362.1440_none_9e7dbfb9e45e8e67\COMCTL32.dll
0x00007ffe0c540000 - 0x00007ffe0c876000 	C:\WINDOWS\System32\combase.dll
0x00007ffe09d10000 - 0x00007ffe09d91000 	C:\WINDOWS\System32\bcryptPrimitives.dll
0x00007ffe02870000 - 0x00007ffe0287a000 	C:\WINDOWS\SYSTEM32\VERSION.dll
0x00007ffe0bc30000 - 0x00007ffe0bc5e000 	C:\WINDOWS\System32\IMM32.DLL
0x00007ffdf4c10000 - 0x00007ffdf4c26000 	C:\Program Files\Java\jdk-11.0.6\bin\vcruntime140.dll
0x00007ffddfdc0000 - 0x00007ffddfe6a000 	C:\Program Files\Java\jdk-11.0.6\bin\msvcp140.dll
0x00007ffd92990000 - 0x00007ffd934b9000 	C:\Program Files\Java\jdk-11.0.6\bin\server\jvm.dll
0x00007ffe0bf50000 - 0x00007ffe0bf58000 	C:\WINDOWS\System32\PSAPI.DLL
0x00007ffdfc300000 - 0x00007ffdfc309000 	C:\WINDOWS\SYSTEM32\WSOCK32.dll
0x00007ffe0bf60000 - 0x00007ffe0bfcf000 	C:\WINDOWS\System32\WS2_32.dll
0x00007ffdff920000 - 0x00007ffdff944000 	C:\WINDOWS\SYSTEM32\WINMM.dll
0x00007ffdff8f0000 - 0x00007ffdff91d000 	C:\WINDOWS\SYSTEM32\WINMMBASE.dll
0x00007ffe0a6f0000 - 0x00007ffe0a73a000 	C:\WINDOWS\System32\cfgmgr32.dll
0x00007ffe09b20000 - 0x00007ffe09b31000 	C:\WINDOWS\System32\kernel.appcore.dll
0x00007ffdf4bf0000 - 0x00007ffdf4c01000 	C:\Program Files\Java\jdk-11.0.6\bin\verify.dll
0x00007ffe08450000 - 0x00007ffe08644000 	C:\WINDOWS\SYSTEM32\DBGHELP.DLL
0x00007ffe020f0000 - 0x00007ffe0211a000 	C:\WINDOWS\SYSTEM32\dbgcore.DLL
0x00007ffde2c20000 - 0x00007ffde2c49000 	C:\Program Files\Java\jdk-11.0.6\bin\java.dll
0x00007ffe016b0000 - 0x00007ffe016df000 	C:\Program Files\Java\jdk-11.0.6\bin\instrument.dll
0x00007ffdf4ad0000 - 0x00007ffdf4ae6000 	C:\Program Files\Java\jdk-11.0.6\bin\zip.dll
0x00007ffdf5b90000 - 0x00007ffdf5b9a000 	C:\Program Files\Java\jdk-11.0.6\bin\jimage.dll
0x00007ffe0ad10000 - 0x00007ffe0b3f8000 	C:\WINDOWS\System32\SHELL32.dll
0x00007ffe0c070000 - 0x00007ffe0c117000 	C:\WINDOWS\System32\shcore.dll
0x00007ffe09e40000 - 0x00007ffe0a5bb000 	C:\WINDOWS\System32\windows.storage.dll
0x00007ffe09bb0000 - 0x00007ffe09bce000 	C:\WINDOWS\System32\profapi.dll
0x00007ffe09b60000 - 0x00007ffe09baa000 	C:\WINDOWS\System32\powrprof.dll
0x00007ffe09b10000 - 0x00007ffe09b20000 	C:\WINDOWS\System32\UMPDC.dll
0x00007ffe0c4e0000 - 0x00007ffe0c532000 	C:\WINDOWS\System32\shlwapi.dll
0x00007ffe0a8a0000 - 0x00007ffe0a8b7000 	C:\WINDOWS\System32\cryptsp.dll
0x00007ffdef140000 - 0x00007ffdef159000 	C:\Program Files\Java\jdk-11.0.6\bin\net.dll
0x00007ffe04af0000 - 0x00007ffe04bea000 	C:\WINDOWS\SYSTEM32\WINHTTP.dll
0x00007ffe092f0000 - 0x00007ffe09357000 	C:\WINDOWS\system32\mswsock.dll
0x00007ffde5310000 - 0x00007ffde5323000 	C:\Program Files\Java\jdk-11.0.6\bin\nio.dll
0x00007ffe01810000 - 0x00007ffe0182a000 	C:\Program Files\JetBrains\IntelliJ IDEA 2019.1.3\bin\breakgen64.dll
0x00007ffe09040000 - 0x00007ffe0910b000 	C:\WINDOWS\SYSTEM32\DNSAPI.dll
0x00007ffe0c880000 - 0x00007ffe0c888000 	C:\WINDOWS\System32\NSI.dll
0x00007ffe09000000 - 0x00007ffe0903a000 	C:\WINDOWS\SYSTEM32\IPHLPAPI.DLL
0x00007ffdff1b0000 - 0x00007ffdff1ba000 	C:\Windows\System32\rasadhlp.dll
0x00007ffe01160000 - 0x00007ffe011d7000 	C:\WINDOWS\System32\fwpuclnt.dll
0x00007ffe0a6c0000 - 0x00007ffe0a6e6000 	C:\WINDOWS\System32\bcrypt.dll
0x00007ffdf4ff0000 - 0x00007ffdf4ff9000 	C:\Program Files\Java\jdk-11.0.6\bin\management.dll
0x00007ffdf3410000 - 0x00007ffdf341c000 	C:\Program Files\Java\jdk-11.0.6\bin\management_ext.dll
0x00007ffe08e70000 - 0x00007ffe08ea3000 	C:\WINDOWS\system32\rsaenh.dll
0x00007ffe099f0000 - 0x00007ffe09a15000 	C:\WINDOWS\SYSTEM32\USERENV.dll
0x00007ffe094c0000 - 0x00007ffe094cc000 	C:\WINDOWS\SYSTEM32\CRYPTBASE.dll
0x00007ffe01d30000 - 0x00007ffe01d46000 	C:\WINDOWS\SYSTEM32\dhcpcsvc6.DLL
0x00007ffe022c0000 - 0x00007ffe022dc000 	C:\WINDOWS\SYSTEM32\dhcpcsvc.DLL
0x00007ffdf1730000 - 0x00007ffdf1746000 	C:\WINDOWS\system32\napinsp.dll
0x00007ffdf1710000 - 0x00007ffdf172a000 	C:\WINDOWS\system32\pnrpnsp.dll
0x00007ffdf4d00000 - 0x00007ffdf4d0e000 	C:\WINDOWS\System32\winrnr.dll
0x00007ffe03490000 - 0x00007ffe034ac000 	C:\WINDOWS\system32\NLAapi.dll
0x00007ffe05400000 - 0x00007ffe05415000 	C:\WINDOWS\system32\wshbth.dll
0x00007ffe016a0000 - 0x00007ffe016ad000 	C:\Program Files\Java\jdk-11.0.6\bin\sunmscapi.dll
0x00007ffe0a740000 - 0x00007ffe0a891000 	C:\WINDOWS\System32\CRYPT32.dll
0x00007ffe09b40000 - 0x00007ffe09b52000 	C:\WINDOWS\System32\MSASN1.dll
0x00007ffe095c0000 - 0x00007ffe095e6000 	C:\WINDOWS\SYSTEM32\ncrypt.dll
0x00007ffe09580000 - 0x00007ffe095bb000 	C:\WINDOWS\SYSTEM32\NTASN1.dll
0x00007ffe01670000 - 0x00007ffe01697000 	C:\Program Files\Java\jdk-11.0.6\bin\sunec.dll

dbghelp: loaded successfully - version: 4.0.5 - missing functions: none
symbol engine: initialized successfully - sym options: 0x614 - pdb path: .;C:\Program Files\Java\jdk-11.0.6\bin;C:\WINDOWS\SYSTEM32;C:\WINDOWS\WinSxS\amd64_microsoft.windows.common-controls_6595b64144ccf1df_6.0.18362.1440_none_9e7dbfb9e45e8e67;C:\Program Files\Java\jdk-11.0.6\bin\server;C:\Program Files\JetBrains\IntelliJ IDEA 2019.1.3\bin

VM Arguments:
jvm_args: -XX:TieredStopAtLevel=1 -Xverify:none -Dspring.output.ansi.enabled=always -Dcom.sun.management.jmxremote -Dspring.jmx.enabled=true -Dspring.liveBeansView.mbeanDomain -Dspring.application.admin.enabled=true -javaagent:C:\Program Files\JetBrains\IntelliJ IDEA 2019.1.3\lib\idea_rt.jar=61887:C:\Program Files\JetBrains\IntelliJ IDEA 2019.1.3\bin -Dfile.encoding=UTF-8 
java_command: com.bank.application.Application
java_class_path (initial): E:\bank\target\classes;C:\Users\misha\.m2\repository\org\springframework\boot\spring-boot-starter-web\2.4.1\spring-boot-starter-web-2.4.1.jar;C:\Users\misha\.m2\repository\org\springframework\boot\spring-boot-starter\2.4.1\spring-boot-starter-2.4.1.jar;C:\Users\misha\.m2\repository\org\springframework\boot\spring-boot-starter-logging\2.4.1\spring-boot-starter-logging-2.4.1.jar;C:\Users\misha\.m2\repository\ch\qos\logback\logback-classic\1.2.3\logback-classic-1.2.3.jar;C:\Users\misha\.m2\repository\ch\qos\logback\logback-core\1.2.3\logback-core-1.2.3.jar;C:\Users\misha\.m2\repository\org\apache\logging\log4j\log4j-to-slf4j\2.13.3\log4j-to-slf4j-2.13.3.jar;C:\Users\misha\.m2\repository\org\apache\logging\log4j\log4j-api\2.13.3\log4j-api-2.13.3.jar;C:\Users\misha\.m2\repository\org\slf4j\jul-to-slf4j\1.7.30\jul-to-slf4j-1.7.30.jar;C:\Users\misha\.m2\repository\org\yaml\snakeyaml\1.27\snakeyaml-1.27.jar;C:\Users\misha\.m2\repository\org\springframework\boot\spring-boot-starter-json\2.4.1\spring-boot-starter-json-2.4.1.jar;C:\Users\misha\.m2\repository\com\fasterxml\jackson\datatype\jackson-datatype-jdk8\2.11.3\jackson-datatype-jdk8-2.11.3.jar;C:\Users\misha\.m2\repository\com\fasterxml\jackson\datatype\jackson-datatype-jsr310\2.11.3\jackson-datatype-jsr310-2.11.3.jar;C:\Users\misha\.m2\repository\com\fasterxml\jackson\module\jackson-module-parameter-names\2.11.3\jackson-module-parameter-names-2.11.3.jar;C:\Users\misha\.m2\repository\org\springframework\spring-web\5.3.2\spring-web-5.3.2.jar;C:\Users\misha\.m2\repository\org\springframework\spring-beans\5.3.2\spring-beans-5.3.2.jar;C:\Users\misha\.m2\repository\org\springframework\spring-webmvc\5.3.2\spring-webmvc-5.3.2.jar;C:\Users\misha\.m2\repository\org\springframework\spring-context\5.3.2\spring-context-5.3.2.jar;C:\Users\misha\.m2\repository\org\springframework\spring-expression\5.3.2\spring-expression-5.3.2.jar;C:\Users\misha\.m2\repository\org\springframework\boot\spring-boot-starter-d
Launcher Type: SUN_STANDARD

[Global flags]
     bool BytecodeVerificationLocal                = false                                     {product} {command line}
     bool BytecodeVerificationRemote               = false                                     {product} {command line}
     intx CICompilerCount                          = 3                                         {product} {ergonomic}
     uint ConcGCThreads                            = 1                                         {product} {ergonomic}
     uint G1ConcRefinementThreads                  = 4                                         {product} {ergonomic}
   size_t G1HeapRegionSize                         = 1048576                                   {product} {ergonomic}
    uintx GCDrainStackTargetSize                   = 64                                        {product} {ergonomic}
   size_t InitialHeapSize                          = 132120576                                 {product} {ergonomic}
     bool ManagementServer                         = true                                      {product} {command line}
   size_t MarkStackSize                            = 4194304                                   {product} {ergonomic}
   size_t MaxHeapSize                              = 2113929216                                {product} {ergonomic}
   size_t MaxNewSize                               = 1267728384                                {product} {ergonomic}
   size_t MinHeapDeltaBytes                        = 1048576                                   {product} {ergonomic}
    uintx NonNMethodCodeHeapSize                   = 6973028                                {pd product} {ergonomic}
    uintx NonProfiledCodeHeapSize                  = 244685212                              {pd product} {ergonomic}
    uintx ProfiledCodeHeapSize                     = 0                                      {pd product} {ergonomic}
    uintx ReservedCodeCacheSize                    = 251658240                              {pd product} {ergonomic}
     bool SegmentedCodeCache                       = true                                      {product} {ergonomic}
     intx TieredStopAtLevel                        = 1                                         {product} {command line}
     bool UseCompressedClassPointers               = true                                 {lp64_product} {ergonomic}
     bool UseCompressedOops                        = true                                 {lp64_product} {ergonomic}
     bool UseG1GC                                  = true                                      {product} {ergonomic}
     bool UseLargePagesIndividualAllocation        = false                                  {pd product} {ergonomic}

Logging:
Log output configuration:
 #0: stdout all=warning uptime,level,tags
 #1: stderr all=off uptime,level,tags

Environment Variables:
PATH=C:\ProgramData\DockerDesktop\version-bin;C:\Program Files\Docker\Docker\Resources\bin;C:\Program Files (x86)\Common Files\Oracle\Java\javapath;C:\Program Files (x86)\Intel\Intel(R) Management Engine Components\iCLS\;C:\Program Files\Intel\Intel(R) Management Engine Components\iCLS\;C:\Windows\system32;C:\Windows;C:\Windows\System32\Wbem;C:\Windows\System32\WindowsPowerShell\v1.0\;C:\Windows\System32\OpenSSH\;C:\Program Files (x86)\NVIDIA Corporation\PhysX\Common;C:\Program Files (x86)\Intel\Intel(R) Management Engine Components\DAL;C:\Program Files\Intel\Intel(R) Management Engine Components\DAL;C:\Program Files (x86)\Intel\Intel(R) Management Engine Components\IPT;C:\Program Files\Intel\Intel(R) Management Engine Components\IPT;C:\Program Files\dotnet\;C:\WINDOWS\system32;C:\WINDOWS;C:\WINDOWS\System32\Wbem;C:\WINDOWS\System32\WindowsPowerShell\v1.0\;C:\WINDOWS\System32\OpenSSH\;D:\Git\cmd;D:\Git\mingw64\bin;D:\Git\usr\bin;C:\Program Files\NVIDIA Corporation\NVIDIA NvDLISR;C:\Program Files\Java\jdk1.8.0_211\bin;C:\Program Files\Microsoft SQL Server\Client SDK\ODBC\170\Tools\Binn\;C:\Program Files (x86)\Microsoft SQL Server\150\Tools\Binn\;C:\Program Files\Microsoft SQL Server\150\Tools\Binn\;C:\Program Files\Microsoft SQL Server\150\DTS\Binn\;C:\Program Files (x86)\Microsoft SQL Server\150\DTS\Binn\;C:\WINDOWS\system32;C:\WINDOWS;C:\WINDOWS\System32\Wbem;C:\WINDOWS\System32\WindowsPowerShell\v1.0\;C:\WINDOWS\System32\OpenSSH\;C:\Program Files\Zulu\zulu-11\bin\;C:\Program Files\Git\cmd;D:\;C:\Program Files (x86)\Yarn\bin\;C:\Program Files\MySQL\MySQL Shell 8.0\bin\;C:\Users\misha\AppData\Local\GitHubDesktop\bin;D:\heroku\bin;C:\Users\misha\AppData\Local\atom\bin;C:\Users\misha\AppData\Local\Microsoft\WindowsApps;C:\Users\misha\.dotnet\tools;D:\Microsoft VS Code\bin;C:\Program Files\Salesforce CLI\bin;C:\Users\misha\AppData\Roaming\npm;C:\Users\misha\AppData\Local\Yarn\bin
USERNAME=misha
OS=Windows_NT
PROCESSOR_IDENTIFIER=Intel64 Family 6 Model 158 Stepping 9, GenuineIntel



---------------  S Y S T E M  ---------------

OS: Windows 10 , 64 bit Build 18362 (10.0.18362.1350)

CPU:total 4 (initial active 4) (4 cores per cpu, 1 threads per core) family 6 model 158 stepping 9, cmov, cx8, fxsr, mmx, sse, sse2, sse3, ssse3, sse4.1, sse4.2, popcnt, avx, avx2, aes, clmul, erms, 3dnowpref, lzcnt, tsc, tscinvbit, bmi1, bmi2, adx, fma

Memory: 4k page, system-wide physical 8057M (483M free)
TotalPageFile size 18295M (AvailPageFile size 0M)
current process WorkingSet (physical memory assigned to process): 306M, peak: 306M
current process commit charge ("private bytes"): 361M, peak: 361M

vm_info: Java HotSpot(TM) 64-Bit Server VM (11.0.6+8-LTS) for windows-amd64 JRE (11.0.6+8-LTS), built on Dec 11 2019 09:17:57 by "mach5one" with MS VC++ 15.5 (VS2017)

END.
