#
# There is insufficient memory for the Java Runtime Environment to continue.
# Native memory allocation (mmap) failed to map 32505856 bytes for Failed to commit area from 0x000000008b800000 to 0x000000008d700000 of length 32505856.
# Possible reasons:
#   The system is out of physical RAM or swap space
#   The process is running with CompressedOops enabled, and the Java Heap may be blocking the growth of the native heap
# Possible solutions:
#   Reduce memory load on the system
#   Increase physical memory or swap space
#   Check if swap backing store is full
#   Decrease Java heap size (-Xmx/-Xms)
#   Decrease number of Java threads
#   Decrease Java thread stack sizes (-Xss)
#   Set larger code cache with -XX:ReservedCodeCacheSize=
#   JVM is running with Unscaled Compressed Oops mode in which the Java heap is
#     placed in the first 4GB address space. The Java Heap base address is the
#     maximum limit for the native heap growth. Please use -XX:HeapBaseMinAddress
#     to set the Java Heap base and to place the Java Heap above 4GB virtual address.
# This output file may be truncated or incomplete.
#
#  Out of Memory Error (t:/workspace/open/src/hotspot/os/windows/os_windows.cpp:3271), pid=17176, tid=19244
#
# JRE version: Java(TM) SE Runtime Environment (11.0.6+8) (build 11.0.6+8-LTS)
# Java VM: Java HotSpot(TM) 64-Bit Server VM (11.0.6+8-LTS, mixed mode, tiered, compressed oops, g1 gc, windows-amd64)
# No core dump will be written. Minidumps are not enabled by default on client versions of Windows
#

---------------  S U M M A R Y ------------

Command Line: -XX:TieredStopAtLevel=1 -Xverify:none -Dspring.output.ansi.enabled=always -Dcom.sun.management.jmxremote -Dspring.jmx.enabled=true -Dspring.liveBeansView.mbeanDomain -Dspring.application.admin.enabled=true -javaagent:C:\Program Files\JetBrains\IntelliJ IDEA 2019.1.3\lib\idea_rt.jar=60399:C:\Program Files\JetBrains\IntelliJ IDEA 2019.1.3\bin -Dfile.encoding=UTF-8 com.bank.application.Application

Host: Intel(R) Core(TM) i5-7300HQ CPU @ 2.50GHz, 4 cores, 7G,  Windows 10 , 64 bit Build 18362 (10.0.18362.1350)
Time: Sun Mar 14 17:10:38 2021 O?ieyia?y (ceia) elapsed time: 4 seconds (0d 0h 0m 4s)

---------------  T H R E A D  ---------------

Current thread (0x0000016b7fbdd800):  VMThread "VM Thread" [stack: 0x000000444fa00000,0x000000444fb00000] [id=19244]

Stack: [0x000000444fa00000,0x000000444fb00000]
[error occurred during error reporting (printing stack bounds), id 0xc0000005, EXCEPTION_ACCESS_VIOLATION (0xc0000005) at pc=0x0000016b082b0bad]

Native frames: (J=compiled Java code, j=interpreted, Vv=VM code, C=native code)
V  [jvm.dll+0x63679a]
V  [jvm.dll+0x7755bf]
V  [jvm.dll+0x776c65]
V  [jvm.dll+0x777235]
V  [jvm.dll+0x7771eb]
V  [jvm.dll+0x635e96]
V  [jvm.dll+0x636268]
C  [ntdll.dll+0xa1eef]
C  [ntdll.dll+0x6aad9]
C  [ntdll.dll+0xa0b5e]
C  0x0000016b082b0bad

VM_Operation (0x0000004450af93e0): G1CollectForAllocation, mode: safepoint, requested by thread 0x0000016b1a69a000


---------------  P R O C E S S  ---------------

Threads class SMR info:
_java_thread_list=0x0000016b1d870c40, length=22, elements={
0x0000016b7ab58800, 0x0000016b7fc02800, 0x0000016b7fc0f000, 0x0000016b19af3000,
0x0000016b7fc1f800, 0x0000016b7fc22000, 0x0000016b7fc25800, 0x0000016b7fb96000,
0x0000016b19ead800, 0x0000016b19eae800, 0x0000016b1a248000, 0x0000016b1a699000,
0x0000016b1a69a000, 0x0000016b1b25a000, 0x0000016b1b182000, 0x0000016b1ba2f800,
0x0000016b1bcfc800, 0x0000016b1bcfd000, 0x0000016b1b853000, 0x0000016b1b84d800,
0x0000016b1b851800, 0x0000016b1b851000
}

Java Threads: ( => current thread )
  0x0000016b7ab58800 JavaThread "main" [_thread_blocked, id=18604, stack(0x000000444f400000,0x000000444f500000)]
  0x0000016b7fc02800 JavaThread "Reference Handler" daemon [_thread_blocked, id=18996, stack(0x000000444fb00000,0x000000444fc00000)]
  0x0000016b7fc0f000 JavaThread "Finalizer" daemon [_thread_blocked, id=18548, stack(0x000000444fc00000,0x000000444fd00000)]
  0x0000016b19af3000 JavaThread "Signal Dispatcher" daemon [_thread_blocked, id=18312, stack(0x000000444fd00000,0x000000444fe00000)]
  0x0000016b7fc1f800 JavaThread "Attach Listener" daemon [_thread_blocked, id=11884, stack(0x000000444fe00000,0x000000444ff00000)]
  0x0000016b7fc22000 JavaThread "C1 CompilerThread0" daemon [_thread_blocked, id=9652, stack(0x000000444ff00000,0x0000004450000000)]
  0x0000016b7fc25800 JavaThread "Sweeper thread" daemon [_thread_blocked, id=18504, stack(0x0000004450000000,0x0000004450100000)]
  0x0000016b7fb96000 JavaThread "Common-Cleaner" daemon [_thread_blocked, id=14036, stack(0x0000004450100000,0x0000004450200000)]
  0x0000016b19ead800 JavaThread "Monitor Ctrl-Break" daemon [_thread_in_native, id=10132, stack(0x0000004450200000,0x0000004450300000)]
  0x0000016b19eae800 JavaThread "Service Thread" daemon [_thread_blocked, id=4988, stack(0x0000004450300000,0x0000004450400000)]
  0x0000016b1a248000 JavaThread "RMI TCP Accept-0" daemon [_thread_in_native, id=412, stack(0x0000004450400000,0x0000004450500000)]
  0x0000016b1a699000 JavaThread "Thread-0" [_thread_blocked, id=10348, stack(0x0000004450900000,0x0000004450a00000)]
  0x0000016b1a69a000 JavaThread "restartedMain" [_thread_blocked, id=16020, stack(0x0000004450a00000,0x0000004450b00000)]
  0x0000016b1b25a000 JavaThread "RMI TCP Connection(1)-192.168.1.104" daemon [_thread_in_native, id=17676, stack(0x0000004450d00000,0x0000004450e00000)]
  0x0000016b1b182000 JavaThread "RMI Scheduler(0)" daemon [_thread_blocked, id=15156, stack(0x0000004450e00000,0x0000004450f00000)]
  0x0000016b1ba2f800 JavaThread "Catalina-utility-1" [_thread_blocked, id=3444, stack(0x0000004450c00000,0x0000004450d00000)]
  0x0000016b1bcfc800 JavaThread "Catalina-utility-2" [_thread_blocked, id=9144, stack(0x0000004450f00000,0x0000004451000000)]
  0x0000016b1bcfd000 JavaThread "container-0" [_thread_blocked, id=636, stack(0x0000004451000000,0x0000004451100000)]
  0x0000016b1b853000 JavaThread "HikariPool-1 housekeeper" daemon [_thread_blocked, id=11868, stack(0x0000004451400000,0x0000004451500000)]
  0x0000016b1b84d800 JavaThread "HikariPool-1 connection adder" daemon [_thread_blocked, id=16620, stack(0x0000004451500000,0x0000004451600000)]
  0x0000016b1b851800 JavaThread "Live Reload Server" daemon [_thread_in_native, id=2024, stack(0x0000004451700000,0x0000004451800000)]
  0x0000016b1b851000 JavaThread "HikariPool-1 connection closer" daemon [_thread_blocked, id=9980, stack(0x0000004451600000,0x0000004451700000)]

Other Threads:
=>0x0000016b7fbdd800 VMThread "VM Thread" [stack: 0x000000444fa00000,0x000000444fb00000] [id=19244]
  0x0000016b1a246000 WatcherThread [stack: 0x0000004450500000,0x0000004450600000] [id=17968]
  0x0000016b7ab6f000 GCTaskThread "GC Thread#0" [stack: 0x000000444f500000,0x000000444f600000] [id=14976]
  0x0000016b1a22a800 GCTaskThread "GC Thread#1" [stack: 0x0000004450600000,0x0000004450700000] [id=7176]
  0x0000016b1a333000 GCTaskThread "GC Thread#2" [stack: 0x0000004450700000,0x0000004450800000] [id=18348]
  0x0000016b1b049000 GCTaskThread "GC Thread#3" [stack: 0x0000004450b00000,0x0000004450c00000] [id=7508]
  0x0000016b7ab9e800 ConcurrentGCThread "G1 Main Marker" [stack: 0x000000444f600000,0x000000444f700000] [id=15280]
  0x0000016b7aba1000 ConcurrentGCThread "G1 Conc#0" [stack: 0x000000444f700000,0x000000444f800000] [id=3056]
  0x0000016b7ac1d800 ConcurrentGCThread "G1 Refine#0" [stack: 0x000000444f800000,0x000000444f900000] [id=14996]
  0x0000016b19dc8800 ConcurrentGCThread "G1 Refine#1" [stack: 0x0000004450800000,0x0000004450900000] [id=15020]
  0x0000016b7ac1e800 ConcurrentGCThread "G1 Young RemSet Sampling" [stack: 0x000000444f900000,0x000000444fa00000] [id=9644]

Threads with active compile tasks:

VM state:at safepoint (normal execution)

VM Mutex/Monitor currently owned by a thread:  ([mutex/lock_event])
[0x0000016b7ab57bb0] Threads_lock - owner thread: 0x0000016b7fbdd800
[0x0000016b7ab57d60] Heap_lock - owner thread: 0x0000016b1a69a000

Heap address: 0x0000000082000000, size: 2016 MB, Compressed Oops mode: 32-bit
Narrow klass base: 0x0000000000000000, Narrow klass shift: 3
Compressed class space size: 1073741824 Address: 0x0000000100000000

Heap:
 garbage-first heap   total 187392K, used 24472K [0x0000000082000000, 0x0000000100000000)
  region size 1024K, 7 young (7168K), 7 survivors (7168K)
 Metaspace       used 50631K, capacity 52220K, committed 52400K, reserved 1093632K
  class space    used 6663K, capacity 7303K, committed 7424K, reserved 1048576K
Heap Regions: E=young(eden), S=young(survivor), O=old, HS=humongous(starts), HC=humongous(continues), CS=collection set, F=free, A=archive, TAMS=top-at-mark-start (previous, next)
|   0|0x0000000082000000, 0x0000000082100000, 0x0000000082100000|100%|HS|  |TAMS 0x0000000082100000, 0x0000000082000000| Complete 
|   1|0x0000000082100000, 0x0000000082200000, 0x0000000082200000|100%| O|  |TAMS 0x0000000082200000, 0x0000000082100000| Untracked 
|   2|0x0000000082200000, 0x0000000082300000, 0x0000000082300000|100%| O|  |TAMS 0x0000000082300000, 0x0000000082200000| Untracked 
|   3|0x0000000082300000, 0x0000000082400000, 0x0000000082400000|100%| O|  |TAMS 0x0000000082400000, 0x0000000082300000| Untracked 
|   4|0x0000000082400000, 0x0000000082500000, 0x0000000082500000|100%| O|  |TAMS 0x0000000082500000, 0x0000000082400000| Untracked 
|   5|0x0000000082500000, 0x0000000082600000, 0x0000000082600000|100%| O|  |TAMS 0x0000000082600000, 0x0000000082500000| Untracked 
|   6|0x0000000082600000, 0x0000000082700000, 0x0000000082700000|100%| O|  |TAMS 0x0000000082700000, 0x0000000082600000| Untracked 
|   7|0x0000000082700000, 0x0000000082800000, 0x0000000082800000|100%| O|  |TAMS 0x0000000082800000, 0x0000000082700000| Untracked 
|   8|0x0000000082800000, 0x0000000082900000, 0x0000000082900000|100%| O|  |TAMS 0x0000000082900000, 0x0000000082800000| Untracked 
|   9|0x0000000082900000, 0x0000000082a00000, 0x0000000082a00000|100%| O|  |TAMS 0x0000000082a00000, 0x0000000082900000| Untracked 
|  10|0x0000000082a00000, 0x0000000082b00000, 0x0000000082b00000|100%| O|  |TAMS 0x0000000082b00000, 0x0000000082a00000| Untracked 
|  11|0x0000000082b00000, 0x0000000082c00000, 0x0000000082c00000|100%| O|  |TAMS 0x0000000082c00000, 0x0000000082b00000| Untracked 
|  12|0x0000000082c00000, 0x0000000082d00000, 0x0000000082d00000|100%| O|  |TAMS 0x0000000082c24e00, 0x0000000082c00000| Untracked 
|  13|0x0000000082d00000, 0x0000000082e00000, 0x0000000082e00000|100%| O|  |TAMS 0x0000000082d00000, 0x0000000082d00000| Untracked 
|  14|0x0000000082e00000, 0x0000000082f00000, 0x0000000082f00000|100%| O|  |TAMS 0x0000000082e00000, 0x0000000082e00000| Untracked 
|  15|0x0000000082f00000, 0x0000000083000000, 0x0000000083000000|100%| O|  |TAMS 0x0000000082f00000, 0x0000000082f00000| Untracked 
|  16|0x0000000083000000, 0x0000000083100000, 0x0000000083100000|100%| O|  |TAMS 0x0000000083000000, 0x0000000083000000| Untracked 
|  17|0x0000000083100000, 0x0000000083128000, 0x0000000083200000| 15%| O|  |TAMS 0x0000000083100000, 0x0000000083100000| Untracked 
|  18|0x0000000083200000, 0x0000000083200000, 0x0000000083300000|  0%| F|  |TAMS 0x0000000083200000, 0x0000000083200000| Untracked 
|  19|0x0000000083300000, 0x0000000083300000, 0x0000000083400000|  0%| F|  |TAMS 0x0000000083300000, 0x0000000083300000| Untracked 
|  20|0x0000000083400000, 0x0000000083400000, 0x0000000083500000|  0%| F|  |TAMS 0x0000000083400000, 0x0000000083400000| Untracked 
|  21|0x0000000083500000, 0x0000000083500000, 0x0000000083600000|  0%| F|  |TAMS 0x0000000083500000, 0x0000000083500000| Untracked 
|  22|0x0000000083600000, 0x0000000083600000, 0x0000000083700000|  0%| F|  |TAMS 0x0000000083600000, 0x0000000083600000| Untracked 
|  23|0x0000000083700000, 0x0000000083700000, 0x0000000083800000|  0%| F|  |TAMS 0x0000000083700000, 0x0000000083700000| Untracked 
|  24|0x0000000083800000, 0x0000000083800000, 0x0000000083900000|  0%| F|  |TAMS 0x0000000083800000, 0x0000000083800000| Untracked 
|  25|0x0000000083900000, 0x0000000083900000, 0x0000000083a00000|  0%| F|  |TAMS 0x0000000083900000, 0x0000000083900000| Untracked 
|  26|0x0000000083a00000, 0x0000000083a00000, 0x0000000083b00000|  0%| F|  |TAMS 0x0000000083a00000, 0x0000000083a00000| Untracked 
|  27|0x0000000083b00000, 0x0000000083b00000, 0x0000000083c00000|  0%| F|  |TAMS 0x0000000083b00000, 0x0000000083b00000| Untracked 
|  28|0x0000000083c00000, 0x0000000083c00000, 0x0000000083d00000|  0%| F|  |TAMS 0x0000000083c00000, 0x0000000083c00000| Untracked 
|  29|0x0000000083d00000, 0x0000000083d00000, 0x0000000083e00000|  0%| F|  |TAMS 0x0000000083d00000, 0x0000000083d00000| Untracked 
|  30|0x0000000083e00000, 0x0000000083e00000, 0x0000000083f00000|  0%| F|  |TAMS 0x0000000083e00000, 0x0000000083e00000| Untracked 
|  31|0x0000000083f00000, 0x0000000083f00000, 0x0000000084000000|  0%| F|  |TAMS 0x0000000083f00000, 0x0000000083f00000| Untracked 
|  32|0x0000000084000000, 0x0000000084000000, 0x0000000084100000|  0%| F|  |TAMS 0x0000000084000000, 0x0000000084000000| Untracked 
|  33|0x0000000084100000, 0x0000000084100000, 0x0000000084200000|  0%| F|  |TAMS 0x0000000084100000, 0x0000000084100000| Untracked 
|  34|0x0000000084200000, 0x0000000084200000, 0x0000000084300000|  0%| F|  |TAMS 0x0000000084200000, 0x0000000084200000| Untracked 
|  35|0x0000000084300000, 0x0000000084300000, 0x0000000084400000|  0%| F|  |TAMS 0x0000000084300000, 0x0000000084300000| Untracked 
|  36|0x0000000084400000, 0x0000000084400000, 0x0000000084500000|  0%| F|  |TAMS 0x0000000084400000, 0x0000000084400000| Untracked 
|  37|0x0000000084500000, 0x0000000084500000, 0x0000000084600000|  0%| F|  |TAMS 0x0000000084500000, 0x0000000084500000| Untracked 
|  38|0x0000000084600000, 0x0000000084600000, 0x0000000084700000|  0%| F|  |TAMS 0x0000000084600000, 0x0000000084600000| Untracked 
|  39|0x0000000084700000, 0x0000000084700000, 0x0000000084800000|  0%| F|  |TAMS 0x0000000084700000, 0x0000000084700000| Untracked 
|  40|0x0000000084800000, 0x0000000084800000, 0x0000000084900000|  0%| F|  |TAMS 0x0000000084800000, 0x0000000084800000| Untracked 
|  41|0x0000000084900000, 0x0000000084900000, 0x0000000084a00000|  0%| F|  |TAMS 0x0000000084900000, 0x0000000084900000| Untracked 
|  42|0x0000000084a00000, 0x0000000084a00000, 0x0000000084b00000|  0%| F|  |TAMS 0x0000000084a00000, 0x0000000084a00000| Untracked 
|  43|0x0000000084b00000, 0x0000000084b00000, 0x0000000084c00000|  0%| F|  |TAMS 0x0000000084b00000, 0x0000000084b00000| Untracked 
|  44|0x0000000084c00000, 0x0000000084c00000, 0x0000000084d00000|  0%| F|  |TAMS 0x0000000084c00000, 0x0000000084c00000| Untracked 
|  45|0x0000000084d00000, 0x0000000084d00000, 0x0000000084e00000|  0%| F|  |TAMS 0x0000000084d00000, 0x0000000084d00000| Untracked 
|  46|0x0000000084e00000, 0x0000000084e00000, 0x0000000084f00000|  0%| F|  |TAMS 0x0000000084e00000, 0x0000000084e00000| Untracked 
|  47|0x0000000084f00000, 0x0000000084f00000, 0x0000000085000000|  0%| F|  |TAMS 0x0000000084f00000, 0x0000000084f00000| Untracked 
|  48|0x0000000085000000, 0x0000000085000000, 0x0000000085100000|  0%| F|  |TAMS 0x0000000085000000, 0x0000000085000000| Untracked 
|  49|0x0000000085100000, 0x0000000085100000, 0x0000000085200000|  0%| F|  |TAMS 0x0000000085100000, 0x0000000085100000| Untracked 
|  50|0x0000000085200000, 0x0000000085200000, 0x0000000085300000|  0%| F|  |TAMS 0x0000000085200000, 0x0000000085200000| Untracked 
|  51|0x0000000085300000, 0x0000000085300000, 0x0000000085400000|  0%| F|  |TAMS 0x0000000085300000, 0x0000000085300000| Untracked 
|  52|0x0000000085400000, 0x0000000085400000, 0x0000000085500000|  0%| F|  |TAMS 0x0000000085400000, 0x0000000085400000| Untracked 
|  53|0x0000000085500000, 0x0000000085500000, 0x0000000085600000|  0%| F|  |TAMS 0x0000000085500000, 0x0000000085500000| Untracked 
|  54|0x0000000085600000, 0x0000000085600000, 0x0000000085700000|  0%| F|  |TAMS 0x0000000085600000, 0x0000000085600000| Untracked 
|  55|0x0000000085700000, 0x0000000085700000, 0x0000000085800000|  0%| F|  |TAMS 0x0000000085700000, 0x0000000085700000| Untracked 
|  56|0x0000000085800000, 0x0000000085800000, 0x0000000085900000|  0%| F|  |TAMS 0x0000000085800000, 0x0000000085800000| Untracked 
|  57|0x0000000085900000, 0x0000000085900000, 0x0000000085a00000|  0%| F|  |TAMS 0x0000000085900000, 0x0000000085900000| Untracked 
|  58|0x0000000085a00000, 0x0000000085a00000, 0x0000000085b00000|  0%| F|  |TAMS 0x0000000085a00000, 0x0000000085a00000| Untracked 
|  59|0x0000000085b00000, 0x0000000085b00000, 0x0000000085c00000|  0%| F|  |TAMS 0x0000000085b00000, 0x0000000085b00000| Untracked 
|  60|0x0000000085c00000, 0x0000000085c00000, 0x0000000085d00000|  0%| F|  |TAMS 0x0000000085c00000, 0x0000000085c00000| Untracked 
|  61|0x0000000085d00000, 0x0000000085d00000, 0x0000000085e00000|  0%| F|  |TAMS 0x0000000085d00000, 0x0000000085d00000| Untracked 
|  62|0x0000000085e00000, 0x0000000085e00000, 0x0000000085f00000|  0%| F|  |TAMS 0x0000000085e00000, 0x0000000085e00000| Untracked 
|  63|0x0000000085f00000, 0x0000000085fbe150, 0x0000000086000000| 74%| S|CS|TAMS 0x0000000085f00000, 0x0000000085f00000| Complete 
|  64|0x0000000086000000, 0x0000000086100000, 0x0000000086100000|100%| S|CS|TAMS 0x0000000086000000, 0x0000000086000000| Complete 
|  65|0x0000000086100000, 0x0000000086200000, 0x0000000086200000|100%| S|CS|TAMS 0x0000000086100000, 0x0000000086100000| Complete 
|  66|0x0000000086200000, 0x0000000086300000, 0x0000000086300000|100%| S|CS|TAMS 0x0000000086200000, 0x0000000086200000| Complete 
|  67|0x0000000086300000, 0x0000000086400000, 0x0000000086400000|100%| S|CS|TAMS 0x0000000086300000, 0x0000000086300000| Complete 
|  68|0x0000000086400000, 0x0000000086500000, 0x0000000086500000|100%| S|CS|TAMS 0x0000000086400000, 0x0000000086400000| Complete 
|  69|0x0000000086500000, 0x0000000086600000, 0x0000000086600000|100%| S|CS|TAMS 0x0000000086500000, 0x0000000086500000| Complete 
|  70|0x0000000086600000, 0x0000000086600000, 0x0000000086700000|  0%| F|  |TAMS 0x0000000086600000, 0x0000000086600000| Untracked 
|  71|0x0000000086700000, 0x0000000086700000, 0x0000000086800000|  0%| F|  |TAMS 0x0000000086700000, 0x0000000086700000| Untracked 
|  72|0x0000000086800000, 0x0000000086800000, 0x0000000086900000|  0%| F|  |TAMS 0x0000000086800000, 0x0000000086800000| Untracked 
|  73|0x0000000086900000, 0x0000000086900000, 0x0000000086a00000|  0%| F|  |TAMS 0x0000000086900000, 0x0000000086900000| Untracked 
|  74|0x0000000086a00000, 0x0000000086a00000, 0x0000000086b00000|  0%| F|  |TAMS 0x0000000086a00000, 0x0000000086a00000| Untracked 
|  75|0x0000000086b00000, 0x0000000086b00000, 0x0000000086c00000|  0%| F|  |TAMS 0x0000000086b00000, 0x0000000086b00000| Untracked 
|  76|0x0000000086c00000, 0x0000000086c00000, 0x0000000086d00000|  0%| F|  |TAMS 0x0000000086c00000, 0x0000000086c00000| Untracked 
|  77|0x0000000086d00000, 0x0000000086d00000, 0x0000000086e00000|  0%| F|  |TAMS 0x0000000086d00000, 0x0000000086d00000| Untracked 
|  78|0x0000000086e00000, 0x0000000086e00000, 0x0000000086f00000|  0%| F|  |TAMS 0x0000000086e00000, 0x0000000086e00000| Untracked 
|  79|0x0000000086f00000, 0x0000000086f00000, 0x0000000087000000|  0%| F|  |TAMS 0x0000000086f00000, 0x0000000086f00000| Untracked 
|  80|0x0000000087000000, 0x0000000087000000, 0x0000000087100000|  0%| F|  |TAMS 0x0000000087000000, 0x0000000087000000| Untracked 
|  81|0x0000000087100000, 0x0000000087100000, 0x0000000087200000|  0%| F|  |TAMS 0x0000000087100000, 0x0000000087100000| Untracked 
|  82|0x0000000087200000, 0x0000000087200000, 0x0000000087300000|  0%| F|  |TAMS 0x0000000087200000, 0x0000000087200000| Untracked 
|  83|0x0000000087300000, 0x0000000087300000, 0x0000000087400000|  0%| F|  |TAMS 0x0000000087300000, 0x0000000087300000| Untracked 
|  84|0x0000000087400000, 0x0000000087400000, 0x0000000087500000|  0%| F|  |TAMS 0x0000000087400000, 0x0000000087400000| Untracked 
|  85|0x0000000087500000, 0x0000000087500000, 0x0000000087600000|  0%| F|  |TAMS 0x0000000087500000, 0x0000000087500000| Untracked 
|  86|0x0000000087600000, 0x0000000087600000, 0x0000000087700000|  0%| F|  |TAMS 0x0000000087600000, 0x0000000087600000| Untracked 
|  87|0x0000000087700000, 0x0000000087700000, 0x0000000087800000|  0%| F|  |TAMS 0x0000000087700000, 0x0000000087700000| Untracked 
|  88|0x0000000087800000, 0x0000000087800000, 0x0000000087900000|  0%| F|  |TAMS 0x0000000087800000, 0x0000000087800000| Untracked 
|  89|0x0000000087900000, 0x0000000087900000, 0x0000000087a00000|  0%| F|  |TAMS 0x0000000087900000, 0x0000000087900000| Untracked 
|  90|0x0000000087a00000, 0x0000000087a00000, 0x0000000087b00000|  0%| F|  |TAMS 0x0000000087a00000, 0x0000000087a00000| Untracked 
|  91|0x0000000087b00000, 0x0000000087b00000, 0x0000000087c00000|  0%| F|  |TAMS 0x0000000087b00000, 0x0000000087b00000| Untracked 
|  92|0x0000000087c00000, 0x0000000087c00000, 0x0000000087d00000|  0%| F|  |TAMS 0x0000000087c00000, 0x0000000087c00000| Untracked 
|  93|0x0000000087d00000, 0x0000000087d00000, 0x0000000087e00000|  0%| F|  |TAMS 0x0000000087d00000, 0x0000000087d00000| Untracked 
|  94|0x0000000087e00000, 0x0000000087e00000, 0x0000000087f00000|  0%| F|  |TAMS 0x0000000087e00000, 0x0000000087e00000| Untracked 
|  95|0x0000000087f00000, 0x0000000087f00000, 0x0000000088000000|  0%| F|  |TAMS 0x0000000087f00000, 0x0000000087f00000| Untracked 
|  96|0x0000000088000000, 0x0000000088000000, 0x0000000088100000|  0%| F|  |TAMS 0x0000000088000000, 0x0000000088000000| Untracked 
|  97|0x0000000088100000, 0x0000000088100000, 0x0000000088200000|  0%| F|  |TAMS 0x0000000088100000, 0x0000000088100000| Untracked 
|  98|0x0000000088200000, 0x0000000088200000, 0x0000000088300000|  0%| F|  |TAMS 0x0000000088200000, 0x0000000088200000| Untracked 
|  99|0x0000000088300000, 0x0000000088300000, 0x0000000088400000|  0%| F|  |TAMS 0x0000000088300000, 0x0000000088300000| Untracked 
| 100|0x0000000088400000, 0x0000000088400000, 0x0000000088500000|  0%| F|  |TAMS 0x0000000088400000, 0x0000000088400000| Untracked 
| 101|0x0000000088500000, 0x0000000088500000, 0x0000000088600000|  0%| F|  |TAMS 0x0000000088500000, 0x0000000088500000| Untracked 
| 102|0x0000000088600000, 0x0000000088600000, 0x0000000088700000|  0%| F|  |TAMS 0x0000000088600000, 0x0000000088600000| Untracked 
| 103|0x0000000088700000, 0x0000000088700000, 0x0000000088800000|  0%| F|  |TAMS 0x0000000088700000, 0x0000000088700000| Untracked 
| 104|0x0000000088800000, 0x0000000088800000, 0x0000000088900000|  0%| F|  |TAMS 0x0000000088800000, 0x0000000088800000| Untracked 
| 105|0x0000000088900000, 0x0000000088900000, 0x0000000088a00000|  0%| F|  |TAMS 0x0000000088900000, 0x0000000088900000| Untracked 
| 106|0x0000000088a00000, 0x0000000088a00000, 0x0000000088b00000|  0%| F|  |TAMS 0x0000000088a00000, 0x0000000088a00000| Untracked 
| 107|0x0000000088b00000, 0x0000000088b00000, 0x0000000088c00000|  0%| F|  |TAMS 0x0000000088b00000, 0x0000000088b00000| Untracked 
| 108|0x0000000088c00000, 0x0000000088c00000, 0x0000000088d00000|  0%| F|  |TAMS 0x0000000088c00000, 0x0000000088c00000| Untracked 
| 109|0x0000000088d00000, 0x0000000088d00000, 0x0000000088e00000|  0%| F|  |TAMS 0x0000000088d00000, 0x0000000088d00000| Untracked 
| 110|0x0000000088e00000, 0x0000000088e00000, 0x0000000088f00000|  0%| F|  |TAMS 0x0000000088e00000, 0x0000000088e00000| Untracked 
| 111|0x0000000088f00000, 0x0000000088f00000, 0x0000000089000000|  0%| F|  |TAMS 0x0000000088f00000, 0x0000000088f00000| Untracked 
| 112|0x0000000089000000, 0x0000000089000000, 0x0000000089100000|  0%| F|  |TAMS 0x0000000089000000, 0x0000000089000000| Untracked 
| 113|0x0000000089100000, 0x0000000089100000, 0x0000000089200000|  0%| F|  |TAMS 0x0000000089100000, 0x0000000089100000| Untracked 
| 114|0x0000000089200000, 0x0000000089200000, 0x0000000089300000|  0%| F|  |TAMS 0x0000000089200000, 0x0000000089200000| Untracked 
| 115|0x0000000089300000, 0x0000000089300000, 0x0000000089400000|  0%| F|  |TAMS 0x0000000089300000, 0x0000000089300000| Untracked 
| 116|0x0000000089400000, 0x0000000089400000, 0x0000000089500000|  0%| F|  |TAMS 0x0000000089400000, 0x0000000089400000| Untracked 
| 117|0x0000000089500000, 0x0000000089500000, 0x0000000089600000|  0%| F|  |TAMS 0x0000000089500000, 0x0000000089500000| Untracked 
| 118|0x0000000089600000, 0x0000000089600000, 0x0000000089700000|  0%| F|  |TAMS 0x0000000089600000, 0x0000000089600000| Untracked 
| 119|0x0000000089700000, 0x0000000089700000, 0x0000000089800000|  0%| F|  |TAMS 0x0000000089700000, 0x0000000089700000| Untracked 
| 120|0x0000000089800000, 0x0000000089800000, 0x0000000089900000|  0%| F|  |TAMS 0x0000000089800000, 0x0000000089800000| Untracked 
| 121|0x0000000089900000, 0x0000000089900000, 0x0000000089a00000|  0%| F|  |TAMS 0x0000000089900000, 0x0000000089900000| Untracked 
| 122|0x0000000089a00000, 0x0000000089a00000, 0x0000000089b00000|  0%| F|  |TAMS 0x0000000089a00000, 0x0000000089a00000| Untracked 
| 123|0x0000000089b00000, 0x0000000089b00000, 0x0000000089c00000|  0%| F|  |TAMS 0x0000000089b00000, 0x0000000089b00000| Untracked 
| 124|0x0000000089c00000, 0x0000000089c00000, 0x0000000089d00000|  0%| F|  |TAMS 0x0000000089c00000, 0x0000000089c00000| Untracked 
| 125|0x0000000089d00000, 0x0000000089d00000, 0x0000000089e00000|  0%| F|  |TAMS 0x0000000089d00000, 0x0000000089d00000| Untracked 
| 126|0x0000000089e00000, 0x0000000089e00000, 0x0000000089f00000|  0%| F|  |TAMS 0x0000000089e00000, 0x0000000089e00000| Untracked 
| 127|0x0000000089f00000, 0x0000000089f00000, 0x000000008a000000|  0%| F|  |TAMS 0x0000000089f00000, 0x0000000089f00000| Untracked 
| 128|0x000000008a000000, 0x000000008a000000, 0x000000008a100000|  0%| F|  |TAMS 0x000000008a000000, 0x000000008a000000| Untracked 
| 129|0x000000008a100000, 0x000000008a100000, 0x000000008a200000|  0%| F|  |TAMS 0x000000008a100000, 0x000000008a100000| Untracked 
| 130|0x000000008a200000, 0x000000008a200000, 0x000000008a300000|  0%| F|  |TAMS 0x000000008a200000, 0x000000008a200000| Untracked 
| 131|0x000000008a300000, 0x000000008a300000, 0x000000008a400000|  0%| F|  |TAMS 0x000000008a300000, 0x000000008a300000| Untracked 
| 132|0x000000008a400000, 0x000000008a400000, 0x000000008a500000|  0%| F|  |TAMS 0x000000008a400000, 0x000000008a400000| Untracked 
| 133|0x000000008a500000, 0x000000008a500000, 0x000000008a600000|  0%| F|  |TAMS 0x000000008a500000, 0x000000008a500000| Untracked 
| 134|0x000000008a600000, 0x000000008a600000, 0x000000008a700000|  0%| F|  |TAMS 0x000000008a600000, 0x000000008a600000| Untracked 
| 135|0x000000008a700000, 0x000000008a700000, 0x000000008a800000|  0%| F|  |TAMS 0x000000008a700000, 0x000000008a700000| Untracked 
| 136|0x000000008a800000, 0x000000008a800000, 0x000000008a900000|  0%| F|  |TAMS 0x000000008a800000, 0x000000008a800000| Untracked 
| 137|0x000000008a900000, 0x000000008a900000, 0x000000008aa00000|  0%| F|  |TAMS 0x000000008a900000, 0x000000008a900000| Untracked 
| 138|0x000000008aa00000, 0x000000008aa00000, 0x000000008ab00000|  0%| F|  |TAMS 0x000000008aa00000, 0x000000008aa00000| Untracked 
| 139|0x000000008ab00000, 0x000000008ab00000, 0x000000008ac00000|  0%| F|  |TAMS 0x000000008ab00000, 0x000000008ab00000| Untracked 
| 140|0x000000008ac00000, 0x000000008ac00000, 0x000000008ad00000|  0%| F|  |TAMS 0x000000008ac00000, 0x000000008ac00000| Untracked 
| 141|0x000000008ad00000, 0x000000008ad00000, 0x000000008ae00000|  0%| F|  |TAMS 0x000000008ad00000, 0x000000008ad00000| Untracked 
| 142|0x000000008ae00000, 0x000000008ae00000, 0x000000008af00000|  0%| F|  |TAMS 0x000000008ae00000, 0x000000008ae00000| Untracked 
| 143|0x000000008af00000, 0x000000008af00000, 0x000000008b000000|  0%| F|  |TAMS 0x000000008af00000, 0x000000008af00000| Untracked 
| 144|0x000000008b000000, 0x000000008b000000, 0x000000008b100000|  0%| F|  |TAMS 0x000000008b000000, 0x000000008b000000| Untracked 
| 145|0x000000008b100000, 0x000000008b100000, 0x000000008b200000|  0%| F|  |TAMS 0x000000008b100000, 0x000000008b100000| Untracked 
| 146|0x000000008b200000, 0x000000008b200000, 0x000000008b300000|  0%| F|  |TAMS 0x000000008b200000, 0x000000008b200000| Untracked 
| 147|0x000000008b300000, 0x000000008b300000, 0x000000008b400000|  0%| F|  |TAMS 0x000000008b300000, 0x000000008b300000| Untracked 
| 148|0x000000008b400000, 0x000000008b400000, 0x000000008b500000|  0%| F|  |TAMS 0x000000008b400000, 0x000000008b400000| Untracked 
| 149|0x000000008b500000, 0x000000008b500000, 0x000000008b600000|  0%| F|  |TAMS 0x000000008b500000, 0x000000008b500000| Untracked 
| 150|0x000000008b600000, 0x000000008b600000, 0x000000008b700000|  0%| F|  |TAMS 0x000000008b600000, 0x000000008b600000| Untracked 
| 151|0x000000008b700000, 0x000000008b700000, 0x000000008b800000|  0%| F|  |TAMS 0x000000008b700000, 0x000000008b700000| Untracked 

Card table byte_map: [0x0000016b7b010000,0x0000016b7b400000] _byte_map_base: 0x0000016b7ac00000

Marking Bits (Prev, Next): (CMBitMap*) 0x0000016b7ab960e0, (CMBitMap*) 0x0000016b7ab960a8
 Prev Bits: [0x0000016b7d770000, 0x0000016b7f6f0000)
 Next Bits: [0x0000016b7b7f0000, 0x0000016b7d770000)

Polling page: 0x0000016b78a30000

Metaspace:

Usage:
  Non-class:     43.86 MB capacity,    42.94 MB ( 98%) used,   773.45 KB (  2%) free+waste,   175.75 KB ( <1%) overhead. 
      Class:      7.13 MB capacity,     6.51 MB ( 91%) used,   553.02 KB (  8%) free+waste,    86.56 KB (  1%) overhead. 
       Both:     51.00 MB capacity,    49.44 MB ( 97%) used,     1.30 MB (  3%) free+waste,   262.31 KB ( <1%) overhead. 

Virtual space:
  Non-class space:       44.00 MB reserved,      43.92 MB (>99%) committed 
      Class space:        1.00 GB reserved,       7.25 MB ( <1%) committed 
             Both:        1.04 GB reserved,      51.17 MB (  5%) committed 

Chunk freelists:
   Non-Class:  7.38 KB
       Class:  3.13 KB
        Both:  10.50 KB

CodeHeap 'non-profiled nmethods': size=238912Kb used=7938Kb max_used=7938Kb free=230973Kb
 bounds [0x0000016b08960000, 0x0000016b09130000, 0x0000016b172b0000]
CodeHeap 'non-nmethods': size=6848Kb used=1205Kb max_used=1205Kb free=5642Kb
 bounds [0x0000016b082b0000, 0x0000016b08520000, 0x0000016b08960000]
 total_blobs=5377 nmethods=4801 adapters=486
 compilation: enabled
              stopped_count=0, restarted_count=0
 full_count=0

Compilation events (10 events):
Event: 4.370 Thread 0x0000016b7fc22000 4797       1       java.util.regex.Matcher::group (112 bytes)
Event: 4.371 Thread 0x0000016b7fc22000 nmethod 4797 0x0000016b0911f110 code [0x0000016b0911f360, 0x0000016b0911f930]
Event: 4.371 Thread 0x0000016b7fc22000 4798       1       java.util.regex.Matcher::getSubSequence (12 bytes)
Event: 4.371 Thread 0x0000016b7fc22000 nmethod 4798 0x0000016b0911fc10 code [0x0000016b0911fdc0, 0x0000016b0911ff10]
Event: 4.374 Thread 0x0000016b7fc22000 4799       1       org.hibernate.type.AbstractStandardBasicType::isAssociationType (2 bytes)
Event: 4.374 Thread 0x0000016b7fc22000 nmethod 4799 0x0000016b0911ff90 code [0x0000016b09120140, 0x0000016b09120258]
Event: 4.374 Thread 0x0000016b7fc22000 4800       1       org.hibernate.tuple.AbstractAttribute::getName (5 bytes)
Event: 4.374 Thread 0x0000016b7fc22000 nmethod 4800 0x0000016b09120310 code [0x0000016b091204c0, 0x0000016b091205d8]
Event: 4.377 Thread 0x0000016b7fc22000 4801       1       org.hibernate.tuple.AbstractAttribute::getType (5 bytes)
Event: 4.377 Thread 0x0000016b7fc22000 nmethod 4801 0x0000016b09120690 code [0x0000016b09120840, 0x0000016b09120958]

GC Heap History (10 events):
Event: 1.750 GC heap after
{Heap after GC invocations=7 (full 0):
 garbage-first heap   total 129024K, used 11817K [0x0000000082000000, 0x0000000100000000)
  region size 1024K, 5 young (5120K), 5 survivors (5120K)
 Metaspace       used 24753K, capacity 25625K, committed 25776K, reserved 1071104K
  class space    used 2970K, capacity 3321K, committed 3328K, reserved 1048576K
}
Event: 2.032 GC heap before
{Heap before GC invocations=7 (full 0):
 garbage-first heap   total 129024K, used 69161K [0x0000000082000000, 0x0000000100000000)
  region size 1024K, 62 young (63488K), 5 survivors (5120K)
 Metaspace       used 26483K, capacity 27545K, committed 27696K, reserved 1073152K
  class space    used 3216K, capacity 3617K, committed 3712K, reserved 1048576K
}
Event: 2.038 GC heap after
{Heap after GC invocations=8 (full 0):
 garbage-first heap   total 155648K, used 13063K [0x0000000082000000, 0x0000000100000000)
  region size 1024K, 5 young (5120K), 5 survivors (5120K)
 Metaspace       used 26483K, capacity 27545K, committed 27696K, reserved 1073152K
  class space    used 3216K, capacity 3617K, committed 3712K, reserved 1048576K
}
Event: 2.823 GC heap before
{Heap before GC invocations=8 (full 0):
 garbage-first heap   total 155648K, used 101127K [0x0000000082000000, 0x0000000100000000)
  region size 1024K, 91 young (93184K), 5 survivors (5120K)
 Metaspace       used 33626K, capacity 35028K, committed 35248K, reserved 1079296K
  class space    used 4259K, capacity 4822K, committed 4864K, reserved 1048576K
}
Event: 2.832 GC heap after
{Heap after GC invocations=9 (full 0):
 garbage-first heap   total 155648K, used 18138K [0x0000000082000000, 0x0000000100000000)
  region size 1024K, 10 young (10240K), 10 survivors (10240K)
 Metaspace       used 33626K, capacity 35028K, committed 35248K, reserved 1079296K
  class space    used 4259K, capacity 4822K, committed 4864K, reserved 1048576K
}
Event: 2.907 GC heap before
{Heap before GC invocations=9 (full 0):
 garbage-first heap   total 155648K, used 64218K [0x0000000082000000, 0x0000000100000000)
  region size 1024K, 57 young (58368K), 10 survivors (10240K)
 Metaspace       used 34417K, capacity 35760K, committed 35888K, reserved 1081344K
  class space    used 4336K, capacity 4895K, committed 4992K, reserved 1048576K
}
Event: 2.915 GC heap after
{Heap after GC invocations=10 (full 0):
 garbage-first heap   total 155648K, used 18997K [0x0000000082000000, 0x0000000100000000)
  region size 1024K, 7 young (7168K), 7 survivors (7168K)
 Metaspace       used 34417K, capacity 35760K, committed 35888K, reserved 1081344K
  class space    used 4336K, capacity 4895K, committed 4992K, reserved 1048576K
}
Event: 3.503 GC heap before
{Heap before GC invocations=11 (full 0):
 garbage-first heap   total 155648K, used 102965K [0x0000000082000000, 0x0000000100000000)
  region size 1024K, 90 young (92160K), 7 survivors (7168K)
 Metaspace       used 37980K, capacity 39442K, committed 39600K, reserved 1083392K
  class space    used 4765K, capacity 5312K, committed 5376K, reserved 1048576K
}
Event: 3.512 GC heap after
{Heap after GC invocations=12 (full 0):
 garbage-first heap   total 155648K, used 20947K [0x0000000082000000, 0x0000000100000000)
  region size 1024K, 9 young (9216K), 9 survivors (9216K)
 Metaspace       used 37980K, capacity 39442K, committed 39600K, reserved 1083392K
  class space    used 4765K, capacity 5312K, committed 5376K, reserved 1048576K
}
Event: 4.380 GC heap before
{Heap before GC invocations=13 (full 0):
 garbage-first heap   total 155648K, used 103891K [0x0000000082000000, 0x0000000100000000)
  region size 1024K, 91 young (93184K), 9 survivors (9216K)
 Metaspace       used 50631K, capacity 52220K, committed 52400K, reserved 1093632K
  class space    used 6663K, capacity 7303K, committed 7424K, reserved 1048576K
}

Deoptimization events (0 events):
No events

Classes redefined (0 events):
No events

Internal exceptions (10 events):
Event: 3.621 Thread 0x0000016b1a69a000 Exception <a 'java/lang/ClassNotFoundException'{0x000000008ad14070}: org/springframework/beans/factory/InitializingBeanCustomizer> (0x000000008ad14070) thrown at [t:/workspace/open/src/hotspot/share/classfile/systemDictionary.cpp, line 231]
Event: 3.622 Thread 0x0000016b1a69a000 Exception <a 'java/lang/ClassNotFoundException'{0x000000008ad24338}: org/springframework/beans/factory/DisposableBeanCustomizer> (0x000000008ad24338) thrown at [t:/workspace/open/src/hotspot/share/classfile/systemDictionary.cpp, line 231]
Event: 3.622 Thread 0x0000016b1a69a000 Exception <a 'java/lang/ClassNotFoundException'{0x000000008ad35218}: org/springframework/orm/jpa/EntityManagerFactoryInfoCustomizer> (0x000000008ad35218) thrown at [t:/workspace/open/src/hotspot/share/classfile/systemDictionary.cpp, line 231]
Event: 3.622 Thread 0x0000016b1a69a000 Exception <a 'java/lang/ClassNotFoundException'{0x000000008ad51000}: org/springframework/dao/support/PersistenceExceptionTranslatorCustomizer> (0x000000008ad51000) thrown at [t:/workspace/open/src/hotspot/share/classfile/systemDictionary.cpp, line 231]
Event: 3.865 Thread 0x0000016b1b84d800 Exception <a 'sun/net/ConnectionResetException'{0x00000000898a5f58}: > (0x00000000898a5f58) thrown at [t:/workspace/open/src/hotspot/share/prims/jni.cpp, line 636]
Event: 3.890 Thread 0x0000016b1a69a000 Exception <a 'sun/net/ConnectionResetException'{0x00000000893e0ea0}: > (0x00000000893e0ea0) thrown at [t:/workspace/open/src/hotspot/share/prims/jni.cpp, line 636]
Event: 3.892 Thread 0x0000016b1a69a000 Exception <a 'java/lang/NoClassDefFoundError'{0x00000000892046b8}: sun/reflect/Reflection> (0x00000000892046b8) thrown at [t:/workspace/open/src/hotspot/share/classfile/systemDictionary.cpp, line 220]
Event: 4.053 Thread 0x0000016b1a69a000 Exception <a 'java/lang/NoSuchMethodError'{0x00000000884668c0}: java.lang.invoke.DirectMethodHandle$Holder.newInvokeSpecial(Ljava/lang/Object;Ljava/lang/Object;ILjava/lang/Object;Ljava/lang/Object;)Ljava/lang/Object;> (0x00000000884668c0) thrown at [t:/wo
Event: 4.354 Thread 0x0000016b1a69a000 Exception <a 'java/lang/NoSuchMethodError'{0x0000000086860f58}: java.lang.invoke.DirectMethodHandle$Holder.invokeInterface(Ljava/lang/Object;Ljava/lang/Object;)V> (0x0000000086860f58) thrown at [t:/workspace/open/src/hotspot/share/interpreter/linkResolver
Event: 4.361 Thread 0x0000016b1a69a000 Exception <a 'java/lang/NoSuchMethodError'{0x00000000867198b0}: java.lang.invoke.DirectMethodHandle$Holder.invokeStaticInit(Ljava/lang/Object;Ljava/lang/Object;Ljava/lang/Object;Ljava/lang/Object;II)Ljava/lang/Object;> (0x00000000867198b0) thrown at [t:/w

Events (10 events):
Event: 4.379 loading class org/hibernate/loader/plan/build/internal/returns/EntityAttributeFetchImpl done
Event: 4.379 loading class org/hibernate/loader/plan/spi/EntityFetch
Event: 4.379 loading class org/hibernate/loader/plan/spi/EntityFetch done
Event: 4.380 loading class org/hibernate/loader/plan/spi/CollectionReturn
Event: 4.380 loading class org/hibernate/loader/plan/spi/CollectionReturn done
Event: 4.380 loading class org/hibernate/persister/collection/AbstractCollectionPersister$2
Event: 4.380 loading class org/hibernate/persister/collection/AbstractCollectionPersister$2 done
Event: 4.380 loading class org/hibernate/persister/walking/spi/CollectionElementDefinition
Event: 4.380 loading class org/hibernate/persister/walking/spi/CollectionElementDefinition done
Event: 4.380 Executing VM operation: G1CollectForAllocation


Dynamic libraries:
0x00007ff6d61d0000 - 0x00007ff6d6217000 	C:\Program Files\Java\jdk-11.0.6\bin\java.exe
0x00007ffe0cc60000 - 0x00007ffe0ce50000 	C:\WINDOWS\SYSTEM32\ntdll.dll
0x00007ffe0bb70000 - 0x00007ffe0bc22000 	C:\WINDOWS\System32\KERNEL32.DLL
0x00007ffe0aa60000 - 0x00007ffe0ad05000 	C:\WINDOWS\System32\KERNELBASE.dll
0x00007ffe0caf0000 - 0x00007ffe0cb93000 	C:\WINDOWS\System32\ADVAPI32.dll
0x00007ffe0bfd0000 - 0x00007ffe0c06e000 	C:\WINDOWS\System32\msvcrt.dll
0x00007ffe0b660000 - 0x00007ffe0b6f7000 	C:\WINDOWS\System32\sechost.dll
0x00007ffe0c890000 - 0x00007ffe0c9af000 	C:\WINDOWS\System32\RPCRT4.dll
0x00007ffe0bdb0000 - 0x00007ffe0bf44000 	C:\WINDOWS\System32\USER32.dll
0x00007ffe09bd0000 - 0x00007ffe09bf1000 	C:\WINDOWS\System32\win32u.dll
0x00007ffe0b5b0000 - 0x00007ffe0b5d6000 	C:\WINDOWS\System32\GDI32.dll
0x00007ffe0a8c0000 - 0x00007ffe0aa58000 	C:\WINDOWS\System32\gdi32full.dll
0x00007ffe09da0000 - 0x00007ffe09e3e000 	C:\WINDOWS\System32\msvcp_win.dll
0x00007ffe0a5c0000 - 0x00007ffe0a6ba000 	C:\WINDOWS\System32\ucrtbase.dll
0x00007ffdff440000 - 0x00007ffdff6c4000 	C:\WINDOWS\WinSxS\amd64_microsoft.windows.common-controls_6595b64144ccf1df_6.0.18362.1440_none_9e7dbfb9e45e8e67\COMCTL32.dll
0x00007ffe0c540000 - 0x00007ffe0c876000 	C:\WINDOWS\System32\combase.dll
0x00007ffe09d10000 - 0x00007ffe09d91000 	C:\WINDOWS\System32\bcryptPrimitives.dll
0x00007ffe02870000 - 0x00007ffe0287a000 	C:\WINDOWS\SYSTEM32\VERSION.dll
0x00007ffe0bc30000 - 0x00007ffe0bc5e000 	C:\WINDOWS\System32\IMM32.DLL
0x00007ffdf4c10000 - 0x00007ffdf4c26000 	C:\Program Files\Java\jdk-11.0.6\bin\vcruntime140.dll
0x00007ffddfdc0000 - 0x00007ffddfe6a000 	C:\Program Files\Java\jdk-11.0.6\bin\msvcp140.dll
0x00007ffd92990000 - 0x00007ffd934b9000 	C:\Program Files\Java\jdk-11.0.6\bin\server\jvm.dll
0x00007ffe0bf50000 - 0x00007ffe0bf58000 	C:\WINDOWS\System32\PSAPI.DLL
0x00007ffdfc300000 - 0x00007ffdfc309000 	C:\WINDOWS\SYSTEM32\WSOCK32.dll
0x00007ffe0bf60000 - 0x00007ffe0bfcf000 	C:\WINDOWS\System32\WS2_32.dll
0x00007ffdff920000 - 0x00007ffdff944000 	C:\WINDOWS\SYSTEM32\WINMM.dll
0x00007ffdff8f0000 - 0x00007ffdff91d000 	C:\WINDOWS\SYSTEM32\WINMMBASE.dll
0x00007ffe0a6f0000 - 0x00007ffe0a73a000 	C:\WINDOWS\System32\cfgmgr32.dll
0x00007ffe09b20000 - 0x00007ffe09b31000 	C:\WINDOWS\System32\kernel.appcore.dll
0x00007ffdf4bf0000 - 0x00007ffdf4c01000 	C:\Program Files\Java\jdk-11.0.6\bin\verify.dll
0x00007ffe08450000 - 0x00007ffe08644000 	C:\WINDOWS\SYSTEM32\DBGHELP.DLL
0x00007ffe020f0000 - 0x00007ffe0211a000 	C:\WINDOWS\SYSTEM32\dbgcore.DLL
0x00007ffde2c20000 - 0x00007ffde2c49000 	C:\Program Files\Java\jdk-11.0.6\bin\java.dll
0x00007ffe01650000 - 0x00007ffe0167f000 	C:\Program Files\Java\jdk-11.0.6\bin\instrument.dll
0x00007ffdf4ad0000 - 0x00007ffdf4ae6000 	C:\Program Files\Java\jdk-11.0.6\bin\zip.dll
0x00007ffdf5b90000 - 0x00007ffdf5b9a000 	C:\Program Files\Java\jdk-11.0.6\bin\jimage.dll
0x00007ffe0ad10000 - 0x00007ffe0b3f8000 	C:\WINDOWS\System32\SHELL32.dll
0x00007ffe0c070000 - 0x00007ffe0c117000 	C:\WINDOWS\System32\shcore.dll
0x00007ffe09e40000 - 0x00007ffe0a5bb000 	C:\WINDOWS\System32\windows.storage.dll
0x00007ffe09bb0000 - 0x00007ffe09bce000 	C:\WINDOWS\System32\profapi.dll
0x00007ffe09b60000 - 0x00007ffe09baa000 	C:\WINDOWS\System32\powrprof.dll
0x00007ffe09b10000 - 0x00007ffe09b20000 	C:\WINDOWS\System32\UMPDC.dll
0x00007ffe0c4e0000 - 0x00007ffe0c532000 	C:\WINDOWS\System32\shlwapi.dll
0x00007ffe0a8a0000 - 0x00007ffe0a8b7000 	C:\WINDOWS\System32\cryptsp.dll
0x00007ffdef140000 - 0x00007ffdef159000 	C:\Program Files\Java\jdk-11.0.6\bin\net.dll
0x00007ffe04af0000 - 0x00007ffe04bea000 	C:\WINDOWS\SYSTEM32\WINHTTP.dll
0x00007ffe092f0000 - 0x00007ffe09357000 	C:\WINDOWS\system32\mswsock.dll
0x00007ffde5310000 - 0x00007ffde5323000 	C:\Program Files\Java\jdk-11.0.6\bin\nio.dll
0x00007ffe01810000 - 0x00007ffe0182a000 	C:\Program Files\JetBrains\IntelliJ IDEA 2019.1.3\bin\breakgen64.dll
0x00007ffe09040000 - 0x00007ffe0910b000 	C:\WINDOWS\SYSTEM32\DNSAPI.dll
0x00007ffe0c880000 - 0x00007ffe0c888000 	C:\WINDOWS\System32\NSI.dll
0x00007ffe09000000 - 0x00007ffe0903a000 	C:\WINDOWS\SYSTEM32\IPHLPAPI.DLL
0x00007ffdff1b0000 - 0x00007ffdff1ba000 	C:\Windows\System32\rasadhlp.dll
0x00007ffe01160000 - 0x00007ffe011d7000 	C:\WINDOWS\System32\fwpuclnt.dll
0x00007ffe0a6c0000 - 0x00007ffe0a6e6000 	C:\WINDOWS\System32\bcrypt.dll
0x00007ffdf4ff0000 - 0x00007ffdf4ff9000 	C:\Program Files\Java\jdk-11.0.6\bin\management.dll
0x00007ffdf3410000 - 0x00007ffdf341c000 	C:\Program Files\Java\jdk-11.0.6\bin\management_ext.dll
0x00007ffe08e70000 - 0x00007ffe08ea3000 	C:\WINDOWS\system32\rsaenh.dll
0x00007ffe099f0000 - 0x00007ffe09a15000 	C:\WINDOWS\SYSTEM32\USERENV.dll
0x00007ffe094c0000 - 0x00007ffe094cc000 	C:\WINDOWS\SYSTEM32\CRYPTBASE.dll
0x00007ffe01d30000 - 0x00007ffe01d46000 	C:\WINDOWS\SYSTEM32\dhcpcsvc6.DLL
0x00007ffe022c0000 - 0x00007ffe022dc000 	C:\WINDOWS\SYSTEM32\dhcpcsvc.DLL
0x00007ffdf1730000 - 0x00007ffdf1746000 	C:\WINDOWS\system32\napinsp.dll
0x00007ffdf1710000 - 0x00007ffdf172a000 	C:\WINDOWS\system32\pnrpnsp.dll
0x00007ffdf4d00000 - 0x00007ffdf4d0e000 	C:\WINDOWS\System32\winrnr.dll
0x00007ffe03490000 - 0x00007ffe034ac000 	C:\WINDOWS\system32\NLAapi.dll
0x00007ffe05400000 - 0x00007ffe05415000 	C:\WINDOWS\system32\wshbth.dll
0x00007ffe01640000 - 0x00007ffe0164d000 	C:\Program Files\Java\jdk-11.0.6\bin\sunmscapi.dll
0x00007ffe0a740000 - 0x00007ffe0a891000 	C:\WINDOWS\System32\CRYPT32.dll
0x00007ffe09b40000 - 0x00007ffe09b52000 	C:\WINDOWS\System32\MSASN1.dll
0x00007ffe095c0000 - 0x00007ffe095e6000 	C:\WINDOWS\SYSTEM32\ncrypt.dll
0x00007ffe09580000 - 0x00007ffe095bb000 	C:\WINDOWS\SYSTEM32\NTASN1.dll
0x00007ffe01610000 - 0x00007ffe01637000 	C:\Program Files\Java\jdk-11.0.6\bin\sunec.dll

dbghelp: loaded successfully - version: 4.0.5 - missing functions: none
symbol engine: initialized successfully - sym options: 0x614 - pdb path: .;C:\Program Files\Java\jdk-11.0.6\bin;C:\WINDOWS\SYSTEM32;C:\WINDOWS\WinSxS\amd64_microsoft.windows.common-controls_6595b64144ccf1df_6.0.18362.1440_none_9e7dbfb9e45e8e67;C:\Program Files\Java\jdk-11.0.6\bin\server;C:\Program Files\JetBrains\IntelliJ IDEA 2019.1.3\bin

VM Arguments:
jvm_args: -XX:TieredStopAtLevel=1 -Xverify:none -Dspring.output.ansi.enabled=always -Dcom.sun.management.jmxremote -Dspring.jmx.enabled=true -Dspring.liveBeansView.mbeanDomain -Dspring.application.admin.enabled=true -javaagent:C:\Program Files\JetBrains\IntelliJ IDEA 2019.1.3\lib\idea_rt.jar=60399:C:\Program Files\JetBrains\IntelliJ IDEA 2019.1.3\bin -Dfile.encoding=UTF-8 
java_command: com.bank.application.Application
java_class_path (initial): E:\bank\target\classes;C:\Users\misha\.m2\repository\org\springframework\boot\spring-boot-starter-web\2.4.1\spring-boot-starter-web-2.4.1.jar;C:\Users\misha\.m2\repository\org\springframework\boot\spring-boot-starter\2.4.1\spring-boot-starter-2.4.1.jar;C:\Users\misha\.m2\repository\org\springframework\boot\spring-boot-starter-logging\2.4.1\spring-boot-starter-logging-2.4.1.jar;C:\Users\misha\.m2\repository\ch\qos\logback\logback-classic\1.2.3\logback-classic-1.2.3.jar;C:\Users\misha\.m2\repository\ch\qos\logback\logback-core\1.2.3\logback-core-1.2.3.jar;C:\Users\misha\.m2\repository\org\apache\logging\log4j\log4j-to-slf4j\2.13.3\log4j-to-slf4j-2.13.3.jar;C:\Users\misha\.m2\repository\org\apache\logging\log4j\log4j-api\2.13.3\log4j-api-2.13.3.jar;C:\Users\misha\.m2\repository\org\slf4j\jul-to-slf4j\1.7.30\jul-to-slf4j-1.7.30.jar;C:\Users\misha\.m2\repository\org\yaml\snakeyaml\1.27\snakeyaml-1.27.jar;C:\Users\misha\.m2\repository\org\springframework\boot\spring-boot-starter-json\2.4.1\spring-boot-starter-json-2.4.1.jar;C:\Users\misha\.m2\repository\com\fasterxml\jackson\datatype\jackson-datatype-jdk8\2.11.3\jackson-datatype-jdk8-2.11.3.jar;C:\Users\misha\.m2\repository\com\fasterxml\jackson\datatype\jackson-datatype-jsr310\2.11.3\jackson-datatype-jsr310-2.11.3.jar;C:\Users\misha\.m2\repository\com\fasterxml\jackson\module\jackson-module-parameter-names\2.11.3\jackson-module-parameter-names-2.11.3.jar;C:\Users\misha\.m2\repository\org\springframework\spring-web\5.3.2\spring-web-5.3.2.jar;C:\Users\misha\.m2\repository\org\springframework\spring-beans\5.3.2\spring-beans-5.3.2.jar;C:\Users\misha\.m2\repository\org\springframework\spring-webmvc\5.3.2\spring-webmvc-5.3.2.jar;C:\Users\misha\.m2\repository\org\springframework\spring-context\5.3.2\spring-context-5.3.2.jar;C:\Users\misha\.m2\repository\org\springframework\spring-expression\5.3.2\spring-expression-5.3.2.jar;C:\Users\misha\.m2\repository\org\springframework\boot\spring-boot-starter-d
Launcher Type: SUN_STANDARD

[Global flags]
     bool BytecodeVerificationLocal                = false                                     {product} {command line}
     bool BytecodeVerificationRemote               = false                                     {product} {command line}
     intx CICompilerCount                          = 3                                         {product} {ergonomic}
     uint ConcGCThreads                            = 1                                         {product} {ergonomic}
     uint G1ConcRefinementThreads                  = 4                                         {product} {ergonomic}
   size_t G1HeapRegionSize                         = 1048576                                   {product} {ergonomic}
    uintx GCDrainStackTargetSize                   = 64                                        {product} {ergonomic}
   size_t InitialHeapSize                          = 132120576                                 {product} {ergonomic}
     bool ManagementServer                         = true                                      {product} {command line}
   size_t MarkStackSize                            = 4194304                                   {product} {ergonomic}
   size_t MaxHeapSize                              = 2113929216                                {product} {ergonomic}
   size_t MaxNewSize                               = 1267728384                                {product} {ergonomic}
   size_t MinHeapDeltaBytes                        = 1048576                                   {product} {ergonomic}
    uintx NonNMethodCodeHeapSize                   = 6973028                                {pd product} {ergonomic}
    uintx NonProfiledCodeHeapSize                  = 244685212                              {pd product} {ergonomic}
    uintx ProfiledCodeHeapSize                     = 0                                      {pd product} {ergonomic}
    uintx ReservedCodeCacheSize                    = 251658240                              {pd product} {ergonomic}
     bool SegmentedCodeCache                       = true                                      {product} {ergonomic}
     intx TieredStopAtLevel                        = 1                                         {product} {command line}
     bool UseCompressedClassPointers               = true                                 {lp64_product} {ergonomic}
     bool UseCompressedOops                        = true                                 {lp64_product} {ergonomic}
     bool UseG1GC                                  = true                                      {product} {ergonomic}
     bool UseLargePagesIndividualAllocation        = false                                  {pd product} {ergonomic}

Logging:
Log output configuration:
 #0: stdout all=warning uptime,level,tags
 #1: stderr all=off uptime,level,tags

Environment Variables:
PATH=C:\ProgramData\DockerDesktop\version-bin;C:\Program Files\Docker\Docker\Resources\bin;C:\Program Files (x86)\Common Files\Oracle\Java\javapath;C:\Program Files (x86)\Intel\Intel(R) Management Engine Components\iCLS\;C:\Program Files\Intel\Intel(R) Management Engine Components\iCLS\;C:\Windows\system32;C:\Windows;C:\Windows\System32\Wbem;C:\Windows\System32\WindowsPowerShell\v1.0\;C:\Windows\System32\OpenSSH\;C:\Program Files (x86)\NVIDIA Corporation\PhysX\Common;C:\Program Files (x86)\Intel\Intel(R) Management Engine Components\DAL;C:\Program Files\Intel\Intel(R) Management Engine Components\DAL;C:\Program Files (x86)\Intel\Intel(R) Management Engine Components\IPT;C:\Program Files\Intel\Intel(R) Management Engine Components\IPT;C:\Program Files\dotnet\;C:\WINDOWS\system32;C:\WINDOWS;C:\WINDOWS\System32\Wbem;C:\WINDOWS\System32\WindowsPowerShell\v1.0\;C:\WINDOWS\System32\OpenSSH\;D:\Git\cmd;D:\Git\mingw64\bin;D:\Git\usr\bin;C:\Program Files\NVIDIA Corporation\NVIDIA NvDLISR;C:\Program Files\Java\jdk1.8.0_211\bin;C:\Program Files\Microsoft SQL Server\Client SDK\ODBC\170\Tools\Binn\;C:\Program Files (x86)\Microsoft SQL Server\150\Tools\Binn\;C:\Program Files\Microsoft SQL Server\150\Tools\Binn\;C:\Program Files\Microsoft SQL Server\150\DTS\Binn\;C:\Program Files (x86)\Microsoft SQL Server\150\DTS\Binn\;C:\WINDOWS\system32;C:\WINDOWS;C:\WINDOWS\System32\Wbem;C:\WINDOWS\System32\WindowsPowerShell\v1.0\;C:\WINDOWS\System32\OpenSSH\;C:\Program Files\Zulu\zulu-11\bin\;C:\Program Files\Git\cmd;D:\;C:\Program Files (x86)\Yarn\bin\;C:\Program Files\MySQL\MySQL Shell 8.0\bin\;C:\Users\misha\AppData\Local\GitHubDesktop\bin;D:\heroku\bin;C:\Users\misha\AppData\Local\atom\bin;C:\Users\misha\AppData\Local\Microsoft\WindowsApps;C:\Users\misha\.dotnet\tools;D:\Microsoft VS Code\bin;C:\Program Files\Salesforce CLI\bin;C:\Users\misha\AppData\Roaming\npm;C:\Users\misha\AppData\Local\Yarn\bin
USERNAME=misha
OS=Windows_NT
PROCESSOR_IDENTIFIER=Intel64 Family 6 Model 158 Stepping 9, GenuineIntel



---------------  S Y S T E M  ---------------

OS: Windows 10 , 64 bit Build 18362 (10.0.18362.1350)

CPU:total 4 (initial active 4) (4 cores per cpu, 1 threads per core) family 6 model 158 stepping 9, cmov, cx8, fxsr, mmx, sse, sse2, sse3, ssse3, sse4.1, sse4.2, popcnt, avx, avx2, aes, clmul, erms, 3dnowpref, lzcnt, tsc, tscinvbit, bmi1, bmi2, adx, fma

Memory: 4k page, system-wide physical 8057M (512M free)
TotalPageFile size 18295M (AvailPageFile size 29M)
current process WorkingSet (physical memory assigned to process): 232M, peak: 232M
current process commit charge ("private bytes"): 301M, peak: 332M

vm_info: Java HotSpot(TM) 64-Bit Server VM (11.0.6+8-LTS) for windows-amd64 JRE (11.0.6+8-LTS), built on Dec 11 2019 09:17:57 by "mach5one" with MS VC++ 15.5 (VS2017)

END.
